2022-02-16 01:39:15,535 [main] INFO  org.springframework.boot.web.servlet.context.AnnotationConfigServletWebServerApplicationContext(prepareRefresh:592) - Refreshing org.springframework.boot.web.servlet.context.AnnotationConfigServletWebServerApplicationContext@6b2fad11: startup date [Wed Feb 16 01:39:15 KST 2022]; root of context hierarchy
2022-02-16 01:39:16,535 [main] INFO  org.springframework.context.support.PostProcessorRegistrationDelegate$BeanPostProcessorChecker(postProcessAfterInitialization:326) - Bean 'org.springframework.transaction.annotation.ProxyTransactionManagementConfiguration' of type [org.springframework.transaction.annotation.ProxyTransactionManagementConfiguration$$EnhancerBySpringCGLIB$$286ab1d] is not eligible for getting processed by all BeanPostProcessors (for example: not eligible for auto-proxying)
2022-02-16 01:39:17,969 [main] INFO  org.springframework.boot.web.embedded.tomcat.TomcatWebServer(initialize:91) - Tomcat initialized with port(s): 8180 (http)
2022-02-16 01:39:18,556 [localhost-startStop-1] INFO  org.springframework.web.context.ContextLoader(prepareWebApplicationContext:296) - Root WebApplicationContext: initialization completed in 3025 ms
2022-02-16 01:39:18,647 [localhost-startStop-1] INFO  org.springframework.boot.web.servlet.FilterRegistrationBean(configure:245) - Mapping filter: 'characterEncodingFilter' to: [/*]
2022-02-16 01:39:18,647 [localhost-startStop-1] INFO  org.springframework.boot.web.servlet.FilterRegistrationBean(configure:245) - Mapping filter: 'hiddenHttpMethodFilter' to: [/*]
2022-02-16 01:39:18,647 [localhost-startStop-1] INFO  org.springframework.boot.web.servlet.FilterRegistrationBean(configure:245) - Mapping filter: 'httpPutFormContentFilter' to: [/*]
2022-02-16 01:39:18,648 [localhost-startStop-1] INFO  org.springframework.boot.web.servlet.FilterRegistrationBean(configure:245) - Mapping filter: 'requestContextFilter' to: [/*]
2022-02-16 01:39:18,648 [localhost-startStop-1] INFO  org.springframework.boot.web.servlet.DelegatingFilterProxyRegistrationBean(configure:245) - Mapping filter: 'springSecurityFilterChain' to: [/*]
2022-02-16 01:39:18,648 [localhost-startStop-1] INFO  org.springframework.boot.web.servlet.ServletRegistrationBean(addRegistration:187) - Servlet dispatcherServlet mapped to [/]
2022-02-16 01:39:20,272 [main] INFO  org.springframework.orm.jpa.LocalContainerEntityManagerFactoryBean(createNativeEntityManagerFactory:361) - Building JPA container EntityManagerFactory for persistence unit 'default'
2022-02-16 01:39:21,673 [main] INFO  org.springframework.orm.jpa.LocalContainerEntityManagerFactoryBean(buildNativeEntityManagerFactory:415) - Initialized JPA EntityManagerFactory for persistence unit 'default'
2022-02-16 01:39:22,564 [main] INFO  org.springframework.web.servlet.handler.SimpleUrlHandlerMapping(registerHandler:372) - Mapped URL path [/**/favicon.ico] onto handler of type [class org.springframework.web.servlet.resource.ResourceHttpRequestHandler]
2022-02-16 01:39:22,718 [main] INFO  org.springframework.web.servlet.mvc.method.annotation.RequestMappingHandlerAdapter(initControllerAdviceCache:589) - Looking for @ControllerAdvice: org.springframework.boot.web.servlet.context.AnnotationConfigServletWebServerApplicationContext@6b2fad11: startup date [Wed Feb 16 01:39:15 KST 2022]; root of context hierarchy
2022-02-16 01:39:22,758 [main] WARN  org.springframework.boot.autoconfigure.orm.jpa.JpaBaseConfiguration$JpaWebConfiguration$JpaWebMvcConfiguration(openEntityManagerInViewInterceptor:238) - spring.jpa.open-in-view is enabled by default. Therefore, database queries may be performed during view rendering. Explicitly configure spring.jpa.open-in-view to disable this warning
2022-02-16 01:39:22,791 [main] INFO  org.springframework.web.servlet.mvc.method.annotation.RequestMappingHandlerMapping(register:550) - Mapped "{[/admin/index]}" onto public java.lang.String net.lele.controller.AdminController.index(org.springframework.ui.Model)
2022-02-16 01:39:22,792 [main] INFO  org.springframework.web.servlet.mvc.method.annotation.RequestMappingHandlerMapping(register:550) - Mapped "{[/admin/asklist]}" onto public java.lang.String net.lele.controller.AdminController.ask(org.springframework.ui.Model)
2022-02-16 01:39:22,793 [main] INFO  org.springframework.web.servlet.mvc.method.annotation.RequestMappingHandlerMapping(register:550) - Mapped "{[/admin/notice],methods=[POST]}" onto public java.lang.String net.lele.controller.AdminController.notice(org.springframework.ui.Model,net.lele.domain.Notice,org.springframework.validation.BindingResult)
2022-02-16 01:39:22,793 [main] INFO  org.springframework.web.servlet.mvc.method.annotation.RequestMappingHandlerMapping(register:550) - Mapped "{[/admin/notice]}" onto public java.lang.String net.lele.controller.AdminController.notice(org.springframework.ui.Model,net.lele.domain.Notice)
2022-02-16 01:39:22,794 [main] INFO  org.springframework.web.servlet.mvc.method.annotation.RequestMappingHandlerMapping(register:550) - Mapped "{[/answer/insert]}" onto private int net.lele.controller.AnswerController.mAnswerServiceInsert(int,java.lang.String) throws java.lang.Exception
2022-02-16 01:39:22,795 [main] INFO  org.springframework.web.servlet.mvc.method.annotation.RequestMappingHandlerMapping(register:550) - Mapped "{[/answer/list]}" onto private java.util.List<net.lele.domain.Answer> net.lele.controller.AnswerController.mAnswerServiceList(org.springframework.ui.Model,int) throws java.lang.Exception
2022-02-16 01:39:22,795 [main] INFO  org.springframework.web.servlet.mvc.method.annotation.RequestMappingHandlerMapping(register:550) - Mapped "{[/answer/delete/{id}]}" onto private int net.lele.controller.AnswerController.mCommentServiceDelete(int) throws java.lang.Exception
2022-02-16 01:39:22,797 [main] INFO  org.springframework.web.servlet.mvc.method.annotation.RequestMappingHandlerMapping(register:550) - Mapped "{[/comment/delete/{id}]}" onto private int net.lele.controller.CommentController.mCommentServiceDelete(int) throws java.lang.Exception
2022-02-16 01:39:22,798 [main] INFO  org.springframework.web.servlet.mvc.method.annotation.RequestMappingHandlerMapping(register:550) - Mapped "{[/comment/insert]}" onto private int net.lele.controller.CommentController.mCommentServiceInsert(int,java.lang.String,int) throws java.lang.Exception
2022-02-16 01:39:22,798 [main] INFO  org.springframework.web.servlet.mvc.method.annotation.RequestMappingHandlerMapping(register:550) - Mapped "{[/comment/list]}" onto public java.util.List<net.lele.domain.Comment> net.lele.controller.CommentController.CommentList(org.springframework.ui.Model,int) throws java.lang.Exception
2022-02-16 01:39:22,800 [main] INFO  org.springframework.web.servlet.mvc.method.annotation.RequestMappingHandlerMapping(register:550) - Mapped "{[/shop/index]}" onto public java.lang.String net.lele.controller.ShopController.index(org.springframework.ui.Model) throws java.lang.Exception
2022-02-16 01:39:22,801 [main] INFO  org.springframework.web.servlet.mvc.method.annotation.RequestMappingHandlerMapping(register:550) - Mapped "{[/shop/register],methods=[GET]}" onto public java.lang.String net.lele.controller.ShopController.register(net.lele.model.UserRegistrationModel,org.springframework.ui.Model) throws java.lang.Exception
2022-02-16 01:39:22,802 [main] INFO  org.springframework.web.servlet.mvc.method.annotation.RequestMappingHandlerMapping(register:550) - Mapped "{[/shop/register],methods=[POST]}" onto public java.lang.String net.lele.controller.ShopController.register(net.lele.model.UserRegistrationModel,org.springframework.validation.BindingResult,org.springframework.ui.Model) throws java.lang.Exception
2022-02-16 01:39:22,802 [main] INFO  org.springframework.web.servlet.mvc.method.annotation.RequestMappingHandlerMapping(register:550) - Mapped "{[/shop/delete/{id}]}" onto public java.lang.String net.lele.controller.ShopController.delete(int,org.springframework.ui.Model) throws java.lang.Exception
2022-02-16 01:39:22,803 [main] INFO  org.springframework.web.servlet.mvc.method.annotation.RequestMappingHandlerMapping(register:550) - Mapped "{[/shop/search]}" onto public java.lang.String net.lele.controller.ShopController.search(java.lang.String,org.springframework.ui.Model) throws java.lang.Exception
2022-02-16 01:39:22,803 [main] INFO  org.springframework.web.servlet.mvc.method.annotation.RequestMappingHandlerMapping(register:550) - Mapped "{[/shop/region/{state}]}" onto public java.lang.String net.lele.controller.ShopController.region(java.lang.String,org.springframework.ui.Model)
2022-02-16 01:39:22,804 [main] INFO  org.springframework.web.servlet.mvc.method.annotation.RequestMappingHandlerMapping(register:550) - Mapped "{[/shop/region/{state}/{city}]}" onto public java.lang.String net.lele.controller.ShopController.region(java.lang.String,java.lang.String,org.springframework.ui.Model)
2022-02-16 01:39:22,804 [main] INFO  org.springframework.web.servlet.mvc.method.annotation.RequestMappingHandlerMapping(register:550) - Mapped "{[/shop/category/{id}]}" onto public java.lang.String net.lele.controller.ShopController.category(int,org.springframework.ui.Model) throws java.lang.Exception
2022-02-16 01:39:22,804 [main] INFO  org.springframework.web.servlet.mvc.method.annotation.RequestMappingHandlerMapping(register:550) - Mapped "{[/shop/login]}" onto public java.lang.String net.lele.controller.ShopController.login(org.springframework.ui.Model) throws java.lang.Exception
2022-02-16 01:39:22,805 [main] INFO  org.springframework.web.servlet.mvc.method.annotation.RequestMappingHandlerMapping(register:550) - Mapped "{[/shop/product/{id}],methods=[POST]}" onto public java.lang.String net.lele.controller.ShopController.product(int,org.springframework.ui.Model,net.lele.domain.Interest_product,org.springframework.validation.BindingResult) throws java.lang.Exception
2022-02-16 01:39:22,805 [main] INFO  org.springframework.web.servlet.mvc.method.annotation.RequestMappingHandlerMapping(register:550) - Mapped "{[/shop/product/{id}]}" onto public java.lang.String net.lele.controller.ShopController.product(int,net.lele.domain.Interest_product,org.springframework.ui.Model) throws java.lang.Exception
2022-02-16 01:39:22,806 [main] INFO  org.springframework.web.servlet.mvc.method.annotation.RequestMappingHandlerMapping(register:550) - Mapped "{[/shop/users/{id}]}" onto public java.lang.String net.lele.controller.ShopController.users(int,org.springframework.ui.Model) throws java.lang.Exception
2022-02-16 01:39:22,806 [main] INFO  org.springframework.web.servlet.mvc.method.annotation.RequestMappingHandlerMapping(register:550) - Mapped "{[/shop/pdelete/{id}]}" onto public java.lang.String net.lele.controller.ShopController.pdelete(int,org.springframework.ui.Model)
2022-02-16 01:39:22,807 [main] INFO  org.springframework.web.servlet.mvc.method.annotation.RequestMappingHandlerMapping(register:550) - Mapped "{[/shop/noticedetail/{id}]}" onto public java.lang.String net.lele.controller.ShopController.noticedetail(int,org.springframework.ui.Model) throws java.lang.Exception
2022-02-16 01:39:22,807 [main] INFO  org.springframework.web.servlet.mvc.method.annotation.RequestMappingHandlerMapping(register:550) - Mapped "{[/shop/hotproduct]}" onto public java.lang.String net.lele.controller.ShopController.hotproduct(org.springframework.ui.Model)
2022-02-16 01:39:22,807 [main] INFO  org.springframework.web.servlet.mvc.method.annotation.RequestMappingHandlerMapping(register:550) - Mapped "{[/shop/loca]}" onto public java.util.List<net.lele.domain.City> net.lele.controller.ShopController.loca(int,org.springframework.ui.Model)
2022-02-16 01:39:22,814 [main] INFO  org.springframework.web.servlet.mvc.method.annotation.RequestMappingHandlerMapping(register:550) - Mapped "{[/shop/notice]}" onto public java.lang.String net.lele.controller.ShopController.notice(org.springframework.ui.Model)
2022-02-16 01:39:22,816 [main] INFO  org.springframework.web.servlet.mvc.method.annotation.RequestMappingHandlerMapping(register:550) - Mapped "{[/user/write]}" onto public java.lang.String net.lele.controller.UserController.write(org.springframework.ui.Model) throws java.lang.Exception
2022-02-16 01:39:22,816 [main] INFO  org.springframework.web.servlet.mvc.method.annotation.RequestMappingHandlerMapping(register:550) - Mapped "{[/user/message/{nickname}]}" onto public java.lang.String net.lele.controller.UserController.message(java.lang.String,net.lele.domain.Message,org.springframework.ui.Model) throws java.lang.Exception
2022-02-16 01:39:22,817 [main] INFO  org.springframework.web.servlet.mvc.method.annotation.RequestMappingHandlerMapping(register:550) - Mapped "{[/user/message/{nickname}],methods=[POST]}" onto public java.lang.String net.lele.controller.UserController.message(java.lang.String,org.springframework.ui.Model,net.lele.domain.Message) throws java.lang.Exception
2022-02-16 01:39:22,817 [main] INFO  org.springframework.web.servlet.mvc.method.annotation.RequestMappingHandlerMapping(register:550) - Mapped "{[/user/location]}" onto public java.lang.String net.lele.controller.UserController.location(org.springframework.ui.Model) throws java.lang.Exception
2022-02-16 01:39:22,818 [main] INFO  org.springframework.web.servlet.mvc.method.annotation.RequestMappingHandlerMapping(register:550) - Mapped "{[/user/location],methods=[POST]}" onto public java.lang.String net.lele.controller.UserController.location(javax.servlet.http.HttpServletRequest,org.springframework.ui.Model) throws java.lang.Exception
2022-02-16 01:39:22,818 [main] INFO  org.springframework.web.servlet.mvc.method.annotation.RequestMappingHandlerMapping(register:550) - Mapped "{[/user/ask],methods=[POST]}" onto public java.lang.String net.lele.controller.UserController.ask(org.springframework.ui.Model,net.lele.domain.Ask,org.springframework.validation.BindingResult) throws java.lang.Exception
2022-02-16 01:39:22,818 [main] INFO  org.springframework.web.servlet.mvc.method.annotation.RequestMappingHandlerMapping(register:550) - Mapped "{[/user/ask]}" onto public java.lang.String net.lele.controller.UserController.ask(org.springframework.ui.Model,net.lele.domain.Ask) throws java.lang.Exception
2022-02-16 01:39:22,819 [main] INFO  org.springframework.web.servlet.mvc.method.annotation.RequestMappingHandlerMapping(register:550) - Mapped "{[/user/loca]}" onto public java.util.List<net.lele.domain.City> net.lele.controller.UserController.loca(int,org.springframework.ui.Model)
2022-02-16 01:39:22,819 [main] INFO  org.springframework.web.servlet.mvc.method.annotation.RequestMappingHandlerMapping(register:550) - Mapped "{[/user/askdetail/{id}]}" onto public java.lang.String net.lele.controller.UserController.askdetail(int,org.springframework.ui.Model) throws java.lang.Exception
2022-02-16 01:39:22,820 [main] INFO  org.springframework.web.servlet.mvc.method.annotation.RequestMappingHandlerMapping(register:550) - Mapped "{[/user/asklist]}" onto public java.lang.String net.lele.controller.UserController.asklist(org.springframework.ui.Model) throws java.lang.Exception
2022-02-16 01:39:22,820 [main] INFO  org.springframework.web.servlet.mvc.method.annotation.RequestMappingHandlerMapping(register:550) - Mapped "{[/user/msg/smsg/{id}]}" onto public java.lang.String net.lele.controller.UserController.sendmsg(int,org.springframework.ui.Model) throws java.lang.Exception
2022-02-16 01:39:22,821 [main] INFO  org.springframework.web.servlet.mvc.method.annotation.RequestMappingHandlerMapping(register:550) - Mapped "{[/user/interest]}" onto public java.lang.String net.lele.controller.UserController.interest(org.springframework.ui.Model) throws java.lang.Exception
2022-02-16 01:39:22,821 [main] INFO  org.springframework.web.servlet.mvc.method.annotation.RequestMappingHandlerMapping(register:550) - Mapped "{[/user/fileinsert]}" onto public java.lang.String net.lele.controller.UserController.fileinsert(javax.servlet.http.HttpServletRequest,org.springframework.web.multipart.MultipartHttpServletRequest,org.springframework.ui.Model) throws java.lang.Exception
2022-02-16 01:39:22,821 [main] INFO  org.springframework.web.servlet.mvc.method.annotation.RequestMappingHandlerMapping(register:550) - Mapped "{[/user/msg/send]}" onto public java.lang.String net.lele.controller.UserController.msgsend(org.springframework.ui.Model) throws java.lang.Exception
2022-02-16 01:39:22,822 [main] INFO  org.springframework.web.servlet.mvc.method.annotation.RequestMappingHandlerMapping(register:550) - Mapped "{[/user/msg/receive]}" onto public java.lang.String net.lele.controller.UserController.msgreceive(org.springframework.ui.Model)
2022-02-16 01:39:22,822 [main] INFO  org.springframework.web.servlet.mvc.method.annotation.RequestMappingHandlerMapping(register:550) - Mapped "{[/user/msg/rmsg/{id}]}" onto public java.lang.String net.lele.controller.UserController.recmsg(int,org.springframework.ui.Model) throws java.lang.Exception
2022-02-16 01:39:22,824 [main] INFO  org.springframework.web.servlet.mvc.method.annotation.RequestMappingHandlerMapping(register:550) - Mapped "{[/error]}" onto public org.springframework.http.ResponseEntity<java.util.Map<java.lang.String, java.lang.Object>> org.springframework.boot.autoconfigure.web.servlet.error.BasicErrorController.error(javax.servlet.http.HttpServletRequest)
2022-02-16 01:39:22,825 [main] INFO  org.springframework.web.servlet.mvc.method.annotation.RequestMappingHandlerMapping(register:550) - Mapped "{[/error],produces=[text/html]}" onto public org.springframework.web.servlet.ModelAndView org.springframework.boot.autoconfigure.web.servlet.error.BasicErrorController.errorHtml(javax.servlet.http.HttpServletRequest,javax.servlet.http.HttpServletResponse)
2022-02-16 01:39:22,853 [main] INFO  org.springframework.web.servlet.handler.SimpleUrlHandlerMapping(registerHandler:372) - Mapped URL path [/webjars/**] onto handler of type [class org.springframework.web.servlet.resource.ResourceHttpRequestHandler]
2022-02-16 01:39:22,853 [main] INFO  org.springframework.web.servlet.handler.SimpleUrlHandlerMapping(registerHandler:372) - Mapped URL path [/**] onto handler of type [class org.springframework.web.servlet.resource.ResourceHttpRequestHandler]
2022-02-16 01:39:23,239 [main] INFO  org.springframework.security.web.DefaultSecurityFilterChain(<init>:43) - Creating filter chain: Ant [pattern='/res/**'], []
2022-02-16 01:39:23,316 [main] INFO  org.springframework.security.web.DefaultSecurityFilterChain(<init>:43) - Creating filter chain: org.springframework.security.web.util.matcher.AnyRequestMatcher@1, [org.springframework.security.web.context.request.async.WebAsyncManagerIntegrationFilter@644c78d4, org.springframework.security.web.context.SecurityContextPersistenceFilter@72e34f77, org.springframework.security.web.header.HeaderWriterFilter@37ebc9d8, org.springframework.security.web.authentication.logout.LogoutFilter@2c177f9e, org.springframework.security.web.authentication.UsernamePasswordAuthenticationFilter@4a8ab068, org.springframework.security.web.savedrequest.RequestCacheAwareFilter@389adf1d, org.springframework.security.web.servletapi.SecurityContextHolderAwareRequestFilter@290b1b2e, org.springframework.security.web.authentication.AnonymousAuthenticationFilter@532a02d9, org.springframework.security.web.session.SessionManagementFilter@2416a51, org.springframework.security.web.access.ExceptionTranslationFilter@549621f3, org.springframework.security.web.access.intercept.FilterSecurityInterceptor@21c64522]
2022-02-16 01:39:23,380 [main] INFO  org.springframework.jmx.export.annotation.AnnotationMBeanExporter(afterSingletonsInstantiated:433) - Registering beans for JMX exposure on startup
2022-02-16 01:39:23,381 [main] INFO  org.springframework.jmx.export.annotation.AnnotationMBeanExporter(autodetect:895) - Bean with name 'dataSource' has been autodetected for JMX exposure
2022-02-16 01:39:23,386 [main] INFO  org.springframework.jmx.export.annotation.AnnotationMBeanExporter(registerBeanInstance:668) - Located MBean 'dataSource': registering with JMX server as MBean [com.zaxxer.hikari:name=dataSource,type=HikariDataSource]
2022-02-16 01:39:23,422 [main] INFO  org.springframework.boot.web.embedded.tomcat.TomcatWebServer(start:206) - Tomcat started on port(s): 8180 (http) with context path ''
2022-02-16 01:39:28,416 [http-nio-8180-exec-1] INFO  org.springframework.web.servlet.DispatcherServlet(initServletBean:497) - FrameworkServlet 'dispatcherServlet': initialization started
2022-02-16 01:39:28,435 [http-nio-8180-exec-1] INFO  org.springframework.web.servlet.DispatcherServlet(initServletBean:512) - FrameworkServlet 'dispatcherServlet': initialization completed in 19 ms
