2022-02-15 15:11:37,836 [main] INFO  org.springframework.boot.web.servlet.context.AnnotationConfigServletWebServerApplicationContext(prepareRefresh:592) - Refreshing org.springframework.boot.web.servlet.context.AnnotationConfigServletWebServerApplicationContext@62043840: startup date [Tue Feb 15 15:11:37 KST 2022]; root of context hierarchy
2022-02-15 15:11:38,702 [main] INFO  org.springframework.context.support.PostProcessorRegistrationDelegate$BeanPostProcessorChecker(postProcessAfterInitialization:326) - Bean 'org.springframework.transaction.annotation.ProxyTransactionManagementConfiguration' of type [org.springframework.transaction.annotation.ProxyTransactionManagementConfiguration$$EnhancerBySpringCGLIB$$ba2dbd0a] is not eligible for getting processed by all BeanPostProcessors (for example: not eligible for auto-proxying)
2022-02-15 15:11:40,046 [main] INFO  org.springframework.boot.web.embedded.tomcat.TomcatWebServer(initialize:91) - Tomcat initialized with port(s): 8180 (http)
2022-02-15 15:11:40,532 [localhost-startStop-1] INFO  org.springframework.web.context.ContextLoader(prepareWebApplicationContext:296) - Root WebApplicationContext: initialization completed in 2699 ms
2022-02-15 15:11:40,608 [localhost-startStop-1] INFO  org.springframework.boot.web.servlet.FilterRegistrationBean(configure:245) - Mapping filter: 'characterEncodingFilter' to: [/*]
2022-02-15 15:11:40,609 [localhost-startStop-1] INFO  org.springframework.boot.web.servlet.FilterRegistrationBean(configure:245) - Mapping filter: 'hiddenHttpMethodFilter' to: [/*]
2022-02-15 15:11:40,609 [localhost-startStop-1] INFO  org.springframework.boot.web.servlet.FilterRegistrationBean(configure:245) - Mapping filter: 'httpPutFormContentFilter' to: [/*]
2022-02-15 15:11:40,610 [localhost-startStop-1] INFO  org.springframework.boot.web.servlet.FilterRegistrationBean(configure:245) - Mapping filter: 'requestContextFilter' to: [/*]
2022-02-15 15:11:40,610 [localhost-startStop-1] INFO  org.springframework.boot.web.servlet.DelegatingFilterProxyRegistrationBean(configure:245) - Mapping filter: 'springSecurityFilterChain' to: [/*]
2022-02-15 15:11:40,610 [localhost-startStop-1] INFO  org.springframework.boot.web.servlet.ServletRegistrationBean(addRegistration:187) - Servlet dispatcherServlet mapped to [/]
2022-02-15 15:11:42,108 [main] INFO  org.springframework.orm.jpa.LocalContainerEntityManagerFactoryBean(createNativeEntityManagerFactory:361) - Building JPA container EntityManagerFactory for persistence unit 'default'
2022-02-15 15:11:43,414 [main] INFO  org.springframework.orm.jpa.LocalContainerEntityManagerFactoryBean(buildNativeEntityManagerFactory:415) - Initialized JPA EntityManagerFactory for persistence unit 'default'
2022-02-15 15:11:44,285 [main] INFO  org.springframework.web.servlet.handler.SimpleUrlHandlerMapping(registerHandler:372) - Mapped URL path [/**/favicon.ico] onto handler of type [class org.springframework.web.servlet.resource.ResourceHttpRequestHandler]
2022-02-15 15:11:44,420 [main] INFO  org.springframework.web.servlet.mvc.method.annotation.RequestMappingHandlerAdapter(initControllerAdviceCache:589) - Looking for @ControllerAdvice: org.springframework.boot.web.servlet.context.AnnotationConfigServletWebServerApplicationContext@62043840: startup date [Tue Feb 15 15:11:37 KST 2022]; root of context hierarchy
2022-02-15 15:11:44,456 [main] WARN  org.springframework.boot.autoconfigure.orm.jpa.JpaBaseConfiguration$JpaWebConfiguration$JpaWebMvcConfiguration(openEntityManagerInViewInterceptor:238) - spring.jpa.open-in-view is enabled by default. Therefore, database queries may be performed during view rendering. Explicitly configure spring.jpa.open-in-view to disable this warning
2022-02-15 15:11:44,483 [main] INFO  org.springframework.web.servlet.mvc.method.annotation.RequestMappingHandlerMapping(register:550) - Mapped "{[/admin/index]}" onto public java.lang.String net.lele.controller.AdminController.index(org.springframework.ui.Model)
2022-02-15 15:11:44,484 [main] INFO  org.springframework.web.servlet.mvc.method.annotation.RequestMappingHandlerMapping(register:550) - Mapped "{[/admin/asklist]}" onto public java.lang.String net.lele.controller.AdminController.ask(org.springframework.ui.Model)
2022-02-15 15:11:44,485 [main] INFO  org.springframework.web.servlet.mvc.method.annotation.RequestMappingHandlerMapping(register:550) - Mapped "{[/admin/notice],methods=[POST]}" onto public java.lang.String net.lele.controller.AdminController.notice(org.springframework.ui.Model,net.lele.domain.Notice,org.springframework.validation.BindingResult)
2022-02-15 15:11:44,485 [main] INFO  org.springframework.web.servlet.mvc.method.annotation.RequestMappingHandlerMapping(register:550) - Mapped "{[/admin/notice]}" onto public java.lang.String net.lele.controller.AdminController.notice(org.springframework.ui.Model,net.lele.domain.Notice)
2022-02-15 15:11:44,486 [main] INFO  org.springframework.web.servlet.mvc.method.annotation.RequestMappingHandlerMapping(register:550) - Mapped "{[/answer/insert]}" onto private int net.lele.controller.AnswerController.mAnswerServiceInsert(int,java.lang.String) throws java.lang.Exception
2022-02-15 15:11:44,487 [main] INFO  org.springframework.web.servlet.mvc.method.annotation.RequestMappingHandlerMapping(register:550) - Mapped "{[/answer/delete/{id}]}" onto private int net.lele.controller.AnswerController.mCommentServiceDelete(int) throws java.lang.Exception
2022-02-15 15:11:44,487 [main] INFO  org.springframework.web.servlet.mvc.method.annotation.RequestMappingHandlerMapping(register:550) - Mapped "{[/answer/list]}" onto private java.util.List<net.lele.domain.Answer> net.lele.controller.AnswerController.mAnswerServiceList(org.springframework.ui.Model,int) throws java.lang.Exception
2022-02-15 15:11:44,489 [main] INFO  org.springframework.web.servlet.mvc.method.annotation.RequestMappingHandlerMapping(register:550) - Mapped "{[/comment/delete/{id}]}" onto private int net.lele.controller.CommentController.mCommentServiceDelete(int) throws java.lang.Exception
2022-02-15 15:11:44,489 [main] INFO  org.springframework.web.servlet.mvc.method.annotation.RequestMappingHandlerMapping(register:550) - Mapped "{[/comment/insert]}" onto private int net.lele.controller.CommentController.mCommentServiceInsert(int,java.lang.String,int) throws java.lang.Exception
2022-02-15 15:11:44,490 [main] INFO  org.springframework.web.servlet.mvc.method.annotation.RequestMappingHandlerMapping(register:550) - Mapped "{[/comment/list]}" onto public java.util.List<net.lele.domain.Comment> net.lele.controller.CommentController.CommentList(org.springframework.ui.Model,int) throws java.lang.Exception
2022-02-15 15:11:44,492 [main] INFO  org.springframework.web.servlet.mvc.method.annotation.RequestMappingHandlerMapping(register:550) - Mapped "{[/],methods=[GET]}" onto public java.lang.String net.lele.controller.Log4j.index(java.lang.String)
2022-02-15 15:11:44,494 [main] INFO  org.springframework.web.servlet.mvc.method.annotation.RequestMappingHandlerMapping(register:550) - Mapped "{[/shop/index]}" onto public java.lang.String net.lele.controller.ShopController.index(org.springframework.ui.Model) throws java.lang.Exception
2022-02-15 15:11:44,494 [main] INFO  org.springframework.web.servlet.mvc.method.annotation.RequestMappingHandlerMapping(register:550) - Mapped "{[/shop/register],methods=[GET]}" onto public java.lang.String net.lele.controller.ShopController.register(net.lele.model.UserRegistrationModel,org.springframework.ui.Model) throws java.lang.Exception
2022-02-15 15:11:44,495 [main] INFO  org.springframework.web.servlet.mvc.method.annotation.RequestMappingHandlerMapping(register:550) - Mapped "{[/shop/register],methods=[POST]}" onto public java.lang.String net.lele.controller.ShopController.register(net.lele.model.UserRegistrationModel,org.springframework.validation.BindingResult,org.springframework.ui.Model) throws java.lang.Exception
2022-02-15 15:11:44,495 [main] INFO  org.springframework.web.servlet.mvc.method.annotation.RequestMappingHandlerMapping(register:550) - Mapped "{[/shop/delete/{id}]}" onto public java.lang.String net.lele.controller.ShopController.delete(int,org.springframework.ui.Model) throws java.lang.Exception
2022-02-15 15:11:44,496 [main] INFO  org.springframework.web.servlet.mvc.method.annotation.RequestMappingHandlerMapping(register:550) - Mapped "{[/shop/search]}" onto public java.lang.String net.lele.controller.ShopController.search(java.lang.String,org.springframework.ui.Model) throws java.lang.Exception
2022-02-15 15:11:44,496 [main] INFO  org.springframework.web.servlet.mvc.method.annotation.RequestMappingHandlerMapping(register:550) - Mapped "{[/shop/region/{state}]}" onto public java.lang.String net.lele.controller.ShopController.region(java.lang.String,org.springframework.ui.Model)
2022-02-15 15:11:44,497 [main] INFO  org.springframework.web.servlet.mvc.method.annotation.RequestMappingHandlerMapping(register:550) - Mapped "{[/shop/region/{state}/{city}]}" onto public java.lang.String net.lele.controller.ShopController.region(java.lang.String,java.lang.String,org.springframework.ui.Model)
2022-02-15 15:11:44,497 [main] INFO  org.springframework.web.servlet.mvc.method.annotation.RequestMappingHandlerMapping(register:550) - Mapped "{[/shop/category/{id}]}" onto public java.lang.String net.lele.controller.ShopController.category(int,org.springframework.ui.Model) throws java.lang.Exception
2022-02-15 15:11:44,498 [main] INFO  org.springframework.web.servlet.mvc.method.annotation.RequestMappingHandlerMapping(register:550) - Mapped "{[/shop/notice]}" onto public java.lang.String net.lele.controller.ShopController.notice(org.springframework.ui.Model)
2022-02-15 15:11:44,498 [main] INFO  org.springframework.web.servlet.mvc.method.annotation.RequestMappingHandlerMapping(register:550) - Mapped "{[/shop/login]}" onto public java.lang.String net.lele.controller.ShopController.login(org.springframework.ui.Model) throws java.lang.Exception
2022-02-15 15:11:44,499 [main] INFO  org.springframework.web.servlet.mvc.method.annotation.RequestMappingHandlerMapping(register:550) - Mapped "{[/shop/users/{id}]}" onto public java.lang.String net.lele.controller.ShopController.users(int,org.springframework.ui.Model) throws java.lang.Exception
2022-02-15 15:11:44,499 [main] INFO  org.springframework.web.servlet.mvc.method.annotation.RequestMappingHandlerMapping(register:550) - Mapped "{[/shop/pdelete/{id}]}" onto public java.lang.String net.lele.controller.ShopController.pdelete(int,org.springframework.ui.Model)
2022-02-15 15:11:44,500 [main] INFO  org.springframework.web.servlet.mvc.method.annotation.RequestMappingHandlerMapping(register:550) - Mapped "{[/shop/hotproduct]}" onto public java.lang.String net.lele.controller.ShopController.hotproduct(org.springframework.ui.Model)
2022-02-15 15:11:44,500 [main] INFO  org.springframework.web.servlet.mvc.method.annotation.RequestMappingHandlerMapping(register:550) - Mapped "{[/shop/loca]}" onto public java.util.List<net.lele.domain.City> net.lele.controller.ShopController.loca(int,org.springframework.ui.Model)
2022-02-15 15:11:44,501 [main] INFO  org.springframework.web.servlet.mvc.method.annotation.RequestMappingHandlerMapping(register:550) - Mapped "{[/shop/noticedetail/{id}]}" onto public java.lang.String net.lele.controller.ShopController.noticedetail(int,org.springframework.ui.Model) throws java.lang.Exception
2022-02-15 15:11:44,501 [main] INFO  org.springframework.web.servlet.mvc.method.annotation.RequestMappingHandlerMapping(register:550) - Mapped "{[/shop/product/{id}]}" onto public java.lang.String net.lele.controller.ShopController.product(int,net.lele.domain.Interest_product,org.springframework.ui.Model) throws java.lang.Exception
2022-02-15 15:11:44,502 [main] INFO  org.springframework.web.servlet.mvc.method.annotation.RequestMappingHandlerMapping(register:550) - Mapped "{[/shop/product/{id}],methods=[POST]}" onto public java.lang.String net.lele.controller.ShopController.product(int,org.springframework.ui.Model,net.lele.domain.Interest_product,org.springframework.validation.BindingResult) throws java.lang.Exception
2022-02-15 15:11:44,503 [main] INFO  org.springframework.web.servlet.mvc.method.annotation.RequestMappingHandlerMapping(register:550) - Mapped "{[/user/write]}" onto public java.lang.String net.lele.controller.UserController.write(org.springframework.ui.Model) throws java.lang.Exception
2022-02-15 15:11:44,503 [main] INFO  org.springframework.web.servlet.mvc.method.annotation.RequestMappingHandlerMapping(register:550) - Mapped "{[/user/message/{nickname}],methods=[POST]}" onto public java.lang.String net.lele.controller.UserController.message(java.lang.String,org.springframework.ui.Model,net.lele.domain.Message) throws java.lang.Exception
2022-02-15 15:11:44,504 [main] INFO  org.springframework.web.servlet.mvc.method.annotation.RequestMappingHandlerMapping(register:550) - Mapped "{[/user/message/{nickname}]}" onto public java.lang.String net.lele.controller.UserController.message(java.lang.String,net.lele.domain.Message,org.springframework.ui.Model) throws java.lang.Exception
2022-02-15 15:11:44,504 [main] INFO  org.springframework.web.servlet.mvc.method.annotation.RequestMappingHandlerMapping(register:550) - Mapped "{[/user/location]}" onto public java.lang.String net.lele.controller.UserController.location(org.springframework.ui.Model) throws java.lang.Exception
2022-02-15 15:11:44,504 [main] INFO  org.springframework.web.servlet.mvc.method.annotation.RequestMappingHandlerMapping(register:550) - Mapped "{[/user/location],methods=[POST]}" onto public java.lang.String net.lele.controller.UserController.location(javax.servlet.http.HttpServletRequest,org.springframework.ui.Model) throws java.lang.Exception
2022-02-15 15:11:44,505 [main] INFO  org.springframework.web.servlet.mvc.method.annotation.RequestMappingHandlerMapping(register:550) - Mapped "{[/user/msg/send]}" onto public java.lang.String net.lele.controller.UserController.msgsend(org.springframework.ui.Model) throws java.lang.Exception
2022-02-15 15:11:44,505 [main] INFO  org.springframework.web.servlet.mvc.method.annotation.RequestMappingHandlerMapping(register:550) - Mapped "{[/user/msg/receive]}" onto public java.lang.String net.lele.controller.UserController.msgreceive(org.springframework.ui.Model)
2022-02-15 15:11:44,506 [main] INFO  org.springframework.web.servlet.mvc.method.annotation.RequestMappingHandlerMapping(register:550) - Mapped "{[/user/asklist]}" onto public java.lang.String net.lele.controller.UserController.asklist(org.springframework.ui.Model) throws java.lang.Exception
2022-02-15 15:11:44,506 [main] INFO  org.springframework.web.servlet.mvc.method.annotation.RequestMappingHandlerMapping(register:550) - Mapped "{[/user/msg/rmsg/{id}]}" onto public java.lang.String net.lele.controller.UserController.recmsg(int,org.springframework.ui.Model) throws java.lang.Exception
2022-02-15 15:11:44,506 [main] INFO  org.springframework.web.servlet.mvc.method.annotation.RequestMappingHandlerMapping(register:550) - Mapped "{[/user/msg/smsg/{id}]}" onto public java.lang.String net.lele.controller.UserController.sendmsg(int,org.springframework.ui.Model) throws java.lang.Exception
2022-02-15 15:11:44,507 [main] INFO  org.springframework.web.servlet.mvc.method.annotation.RequestMappingHandlerMapping(register:550) - Mapped "{[/user/askdetail/{id}]}" onto public java.lang.String net.lele.controller.UserController.askdetail(int,org.springframework.ui.Model) throws java.lang.Exception
2022-02-15 15:11:44,507 [main] INFO  org.springframework.web.servlet.mvc.method.annotation.RequestMappingHandlerMapping(register:550) - Mapped "{[/user/fileinsert]}" onto public java.lang.String net.lele.controller.UserController.fileinsert(javax.servlet.http.HttpServletRequest,org.springframework.web.multipart.MultipartHttpServletRequest,org.springframework.ui.Model) throws java.lang.Exception
2022-02-15 15:11:44,514 [main] INFO  org.springframework.web.servlet.mvc.method.annotation.RequestMappingHandlerMapping(register:550) - Mapped "{[/user/ask]}" onto public java.lang.String net.lele.controller.UserController.ask(org.springframework.ui.Model,net.lele.domain.Ask) throws java.lang.Exception
2022-02-15 15:11:44,515 [main] INFO  org.springframework.web.servlet.mvc.method.annotation.RequestMappingHandlerMapping(register:550) - Mapped "{[/user/ask],methods=[POST]}" onto public java.lang.String net.lele.controller.UserController.ask(org.springframework.ui.Model,net.lele.domain.Ask,org.springframework.validation.BindingResult) throws java.lang.Exception
2022-02-15 15:11:44,515 [main] INFO  org.springframework.web.servlet.mvc.method.annotation.RequestMappingHandlerMapping(register:550) - Mapped "{[/user/loca]}" onto public java.util.List<net.lele.domain.City> net.lele.controller.UserController.loca(int,org.springframework.ui.Model)
2022-02-15 15:11:44,516 [main] INFO  org.springframework.web.servlet.mvc.method.annotation.RequestMappingHandlerMapping(register:550) - Mapped "{[/user/interest]}" onto public java.lang.String net.lele.controller.UserController.interest(org.springframework.ui.Model) throws java.lang.Exception
2022-02-15 15:11:44,517 [main] INFO  org.springframework.web.servlet.mvc.method.annotation.RequestMappingHandlerMapping(register:550) - Mapped "{[/error]}" onto public org.springframework.http.ResponseEntity<java.util.Map<java.lang.String, java.lang.Object>> org.springframework.boot.autoconfigure.web.servlet.error.BasicErrorController.error(javax.servlet.http.HttpServletRequest)
2022-02-15 15:11:44,518 [main] INFO  org.springframework.web.servlet.mvc.method.annotation.RequestMappingHandlerMapping(register:550) - Mapped "{[/error],produces=[text/html]}" onto public org.springframework.web.servlet.ModelAndView org.springframework.boot.autoconfigure.web.servlet.error.BasicErrorController.errorHtml(javax.servlet.http.HttpServletRequest,javax.servlet.http.HttpServletResponse)
2022-02-15 15:11:44,541 [main] INFO  org.springframework.web.servlet.handler.SimpleUrlHandlerMapping(registerHandler:372) - Mapped URL path [/webjars/**] onto handler of type [class org.springframework.web.servlet.resource.ResourceHttpRequestHandler]
2022-02-15 15:11:44,542 [main] INFO  org.springframework.web.servlet.handler.SimpleUrlHandlerMapping(registerHandler:372) - Mapped URL path [/**] onto handler of type [class org.springframework.web.servlet.resource.ResourceHttpRequestHandler]
2022-02-15 15:11:44,864 [main] INFO  org.springframework.security.web.DefaultSecurityFilterChain(<init>:43) - Creating filter chain: Ant [pattern='/res/**'], []
2022-02-15 15:11:44,944 [main] INFO  org.springframework.security.web.DefaultSecurityFilterChain(<init>:43) - Creating filter chain: org.springframework.security.web.util.matcher.AnyRequestMatcher@1, [org.springframework.security.web.context.request.async.WebAsyncManagerIntegrationFilter@4a067c25, org.springframework.security.web.context.SecurityContextPersistenceFilter@6fefce9e, org.springframework.security.web.header.HeaderWriterFilter@5db4c359, org.springframework.security.web.authentication.logout.LogoutFilter@2fab4aff, org.springframework.security.web.authentication.UsernamePasswordAuthenticationFilter@7807ac2c, org.springframework.security.web.savedrequest.RequestCacheAwareFilter@1bdf8190, org.springframework.security.web.servletapi.SecurityContextHolderAwareRequestFilter@c65a5ef, org.springframework.security.web.authentication.AnonymousAuthenticationFilter@a1217f9, org.springframework.security.web.session.SessionManagementFilter@18e7143f, org.springframework.security.web.access.ExceptionTranslationFilter@290b1b2e, org.springframework.security.web.access.intercept.FilterSecurityInterceptor@611f8234]
2022-02-15 15:11:45,026 [main] INFO  org.springframework.jmx.export.annotation.AnnotationMBeanExporter(afterSingletonsInstantiated:433) - Registering beans for JMX exposure on startup
2022-02-15 15:11:45,027 [main] INFO  org.springframework.jmx.export.annotation.AnnotationMBeanExporter(autodetect:895) - Bean with name 'dataSource' has been autodetected for JMX exposure
2022-02-15 15:11:45,031 [main] INFO  org.springframework.jmx.export.annotation.AnnotationMBeanExporter(registerBeanInstance:668) - Located MBean 'dataSource': registering with JMX server as MBean [com.zaxxer.hikari:name=dataSource,type=HikariDataSource]
2022-02-15 15:11:45,067 [main] INFO  org.springframework.boot.web.embedded.tomcat.TomcatWebServer(start:206) - Tomcat started on port(s): 8180 (http) with context path ''
2022-02-15 15:13:47,023 [Thread-3] INFO  org.springframework.boot.web.servlet.context.AnnotationConfigServletWebServerApplicationContext(doClose:1006) - Closing org.springframework.boot.web.servlet.context.AnnotationConfigServletWebServerApplicationContext@62043840: startup date [Tue Feb 15 15:11:37 KST 2022]; root of context hierarchy
2022-02-15 15:13:47,026 [Thread-3] INFO  org.springframework.jmx.export.annotation.AnnotationMBeanExporter(destroy:451) - Unregistering JMX-exposed beans on shutdown
2022-02-15 15:13:47,027 [Thread-3] INFO  org.springframework.jmx.export.annotation.AnnotationMBeanExporter(unregisterBeans:185) - Unregistering JMX-exposed beans
2022-02-15 15:13:47,031 [Thread-3] INFO  org.springframework.orm.jpa.LocalContainerEntityManagerFactoryBean(destroy:597) - Closing JPA EntityManagerFactory for persistence unit 'default'
2022-02-15 15:17:55,002 [main] INFO  org.springframework.boot.web.servlet.context.AnnotationConfigServletWebServerApplicationContext(prepareRefresh:592) - Refreshing org.springframework.boot.web.servlet.context.AnnotationConfigServletWebServerApplicationContext@4e04a765: startup date [Tue Feb 15 15:17:54 KST 2022]; root of context hierarchy
2022-02-15 15:17:55,863 [main] INFO  org.springframework.context.support.PostProcessorRegistrationDelegate$BeanPostProcessorChecker(postProcessAfterInitialization:326) - Bean 'org.springframework.transaction.annotation.ProxyTransactionManagementConfiguration' of type [org.springframework.transaction.annotation.ProxyTransactionManagementConfiguration$$EnhancerBySpringCGLIB$$d4f2e5b5] is not eligible for getting processed by all BeanPostProcessors (for example: not eligible for auto-proxying)
2022-02-15 15:17:57,200 [main] INFO  org.springframework.boot.web.embedded.tomcat.TomcatWebServer(initialize:91) - Tomcat initialized with port(s): 8180 (http)
2022-02-15 15:17:57,694 [localhost-startStop-1] INFO  org.springframework.web.context.ContextLoader(prepareWebApplicationContext:296) - Root WebApplicationContext: initialization completed in 2696 ms
2022-02-15 15:17:57,779 [localhost-startStop-1] INFO  org.springframework.boot.web.servlet.FilterRegistrationBean(configure:245) - Mapping filter: 'characterEncodingFilter' to: [/*]
2022-02-15 15:17:57,779 [localhost-startStop-1] INFO  org.springframework.boot.web.servlet.FilterRegistrationBean(configure:245) - Mapping filter: 'hiddenHttpMethodFilter' to: [/*]
2022-02-15 15:17:57,780 [localhost-startStop-1] INFO  org.springframework.boot.web.servlet.FilterRegistrationBean(configure:245) - Mapping filter: 'httpPutFormContentFilter' to: [/*]
2022-02-15 15:17:57,780 [localhost-startStop-1] INFO  org.springframework.boot.web.servlet.FilterRegistrationBean(configure:245) - Mapping filter: 'requestContextFilter' to: [/*]
2022-02-15 15:17:57,780 [localhost-startStop-1] INFO  org.springframework.boot.web.servlet.DelegatingFilterProxyRegistrationBean(configure:245) - Mapping filter: 'springSecurityFilterChain' to: [/*]
2022-02-15 15:17:57,781 [localhost-startStop-1] INFO  org.springframework.boot.web.servlet.ServletRegistrationBean(addRegistration:187) - Servlet dispatcherServlet mapped to [/]
2022-02-15 15:17:59,264 [main] INFO  org.springframework.orm.jpa.LocalContainerEntityManagerFactoryBean(createNativeEntityManagerFactory:361) - Building JPA container EntityManagerFactory for persistence unit 'default'
2022-02-15 15:18:00,545 [main] INFO  org.springframework.orm.jpa.LocalContainerEntityManagerFactoryBean(buildNativeEntityManagerFactory:415) - Initialized JPA EntityManagerFactory for persistence unit 'default'
2022-02-15 15:18:01,422 [main] INFO  org.springframework.web.servlet.handler.SimpleUrlHandlerMapping(registerHandler:372) - Mapped URL path [/**/favicon.ico] onto handler of type [class org.springframework.web.servlet.resource.ResourceHttpRequestHandler]
2022-02-15 15:18:01,569 [main] INFO  org.springframework.web.servlet.mvc.method.annotation.RequestMappingHandlerAdapter(initControllerAdviceCache:589) - Looking for @ControllerAdvice: org.springframework.boot.web.servlet.context.AnnotationConfigServletWebServerApplicationContext@4e04a765: startup date [Tue Feb 15 15:17:54 KST 2022]; root of context hierarchy
2022-02-15 15:18:01,607 [main] WARN  org.springframework.boot.autoconfigure.orm.jpa.JpaBaseConfiguration$JpaWebConfiguration$JpaWebMvcConfiguration(openEntityManagerInViewInterceptor:238) - spring.jpa.open-in-view is enabled by default. Therefore, database queries may be performed during view rendering. Explicitly configure spring.jpa.open-in-view to disable this warning
2022-02-15 15:18:01,634 [main] INFO  org.springframework.web.servlet.mvc.method.annotation.RequestMappingHandlerMapping(register:550) - Mapped "{[/admin/index]}" onto public java.lang.String net.lele.controller.AdminController.index(org.springframework.ui.Model)
2022-02-15 15:18:01,635 [main] INFO  org.springframework.web.servlet.mvc.method.annotation.RequestMappingHandlerMapping(register:550) - Mapped "{[/admin/notice],methods=[POST]}" onto public java.lang.String net.lele.controller.AdminController.notice(org.springframework.ui.Model,net.lele.domain.Notice,org.springframework.validation.BindingResult)
2022-02-15 15:18:01,636 [main] INFO  org.springframework.web.servlet.mvc.method.annotation.RequestMappingHandlerMapping(register:550) - Mapped "{[/admin/notice]}" onto public java.lang.String net.lele.controller.AdminController.notice(org.springframework.ui.Model,net.lele.domain.Notice)
2022-02-15 15:18:01,637 [main] INFO  org.springframework.web.servlet.mvc.method.annotation.RequestMappingHandlerMapping(register:550) - Mapped "{[/admin/asklist]}" onto public java.lang.String net.lele.controller.AdminController.ask(org.springframework.ui.Model)
2022-02-15 15:18:01,638 [main] INFO  org.springframework.web.servlet.mvc.method.annotation.RequestMappingHandlerMapping(register:550) - Mapped "{[/answer/insert]}" onto private int net.lele.controller.AnswerController.mAnswerServiceInsert(int,java.lang.String) throws java.lang.Exception
2022-02-15 15:18:01,638 [main] INFO  org.springframework.web.servlet.mvc.method.annotation.RequestMappingHandlerMapping(register:550) - Mapped "{[/answer/delete/{id}]}" onto private int net.lele.controller.AnswerController.mCommentServiceDelete(int) throws java.lang.Exception
2022-02-15 15:18:01,639 [main] INFO  org.springframework.web.servlet.mvc.method.annotation.RequestMappingHandlerMapping(register:550) - Mapped "{[/answer/list]}" onto private java.util.List<net.lele.domain.Answer> net.lele.controller.AnswerController.mAnswerServiceList(org.springframework.ui.Model,int) throws java.lang.Exception
2022-02-15 15:18:01,641 [main] INFO  org.springframework.web.servlet.mvc.method.annotation.RequestMappingHandlerMapping(register:550) - Mapped "{[/comment/list]}" onto public java.util.List<net.lele.domain.Comment> net.lele.controller.CommentController.CommentList(org.springframework.ui.Model,int) throws java.lang.Exception
2022-02-15 15:18:01,641 [main] INFO  org.springframework.web.servlet.mvc.method.annotation.RequestMappingHandlerMapping(register:550) - Mapped "{[/comment/insert]}" onto private int net.lele.controller.CommentController.mCommentServiceInsert(int,java.lang.String,int) throws java.lang.Exception
2022-02-15 15:18:01,642 [main] INFO  org.springframework.web.servlet.mvc.method.annotation.RequestMappingHandlerMapping(register:550) - Mapped "{[/comment/delete/{id}]}" onto private int net.lele.controller.CommentController.mCommentServiceDelete(int) throws java.lang.Exception
2022-02-15 15:18:01,644 [main] INFO  org.springframework.web.servlet.mvc.method.annotation.RequestMappingHandlerMapping(register:550) - Mapped "{[/],methods=[GET]}" onto public java.lang.String net.lele.controller.Log4j.index(java.lang.String)
2022-02-15 15:18:01,646 [main] INFO  org.springframework.web.servlet.mvc.method.annotation.RequestMappingHandlerMapping(register:550) - Mapped "{[/shop/index]}" onto public java.lang.String net.lele.controller.ShopController.index(org.springframework.ui.Model) throws java.lang.Exception
2022-02-15 15:18:01,647 [main] INFO  org.springframework.web.servlet.mvc.method.annotation.RequestMappingHandlerMapping(register:550) - Mapped "{[/shop/register],methods=[GET]}" onto public java.lang.String net.lele.controller.ShopController.register(net.lele.model.UserRegistrationModel,org.springframework.ui.Model) throws java.lang.Exception
2022-02-15 15:18:01,647 [main] INFO  org.springframework.web.servlet.mvc.method.annotation.RequestMappingHandlerMapping(register:550) - Mapped "{[/shop/register],methods=[POST]}" onto public java.lang.String net.lele.controller.ShopController.register(net.lele.model.UserRegistrationModel,org.springframework.validation.BindingResult,org.springframework.ui.Model) throws java.lang.Exception
2022-02-15 15:18:01,648 [main] INFO  org.springframework.web.servlet.mvc.method.annotation.RequestMappingHandlerMapping(register:550) - Mapped "{[/shop/delete/{id}]}" onto public java.lang.String net.lele.controller.ShopController.delete(int,org.springframework.ui.Model) throws java.lang.Exception
2022-02-15 15:18:01,648 [main] INFO  org.springframework.web.servlet.mvc.method.annotation.RequestMappingHandlerMapping(register:550) - Mapped "{[/shop/search]}" onto public java.lang.String net.lele.controller.ShopController.search(java.lang.String,org.springframework.ui.Model) throws java.lang.Exception
2022-02-15 15:18:01,649 [main] INFO  org.springframework.web.servlet.mvc.method.annotation.RequestMappingHandlerMapping(register:550) - Mapped "{[/shop/region/{state}]}" onto public java.lang.String net.lele.controller.ShopController.region(java.lang.String,org.springframework.ui.Model)
2022-02-15 15:18:01,649 [main] INFO  org.springframework.web.servlet.mvc.method.annotation.RequestMappingHandlerMapping(register:550) - Mapped "{[/shop/region/{state}/{city}]}" onto public java.lang.String net.lele.controller.ShopController.region(java.lang.String,java.lang.String,org.springframework.ui.Model)
2022-02-15 15:18:01,650 [main] INFO  org.springframework.web.servlet.mvc.method.annotation.RequestMappingHandlerMapping(register:550) - Mapped "{[/shop/category/{id}]}" onto public java.lang.String net.lele.controller.ShopController.category(int,org.springframework.ui.Model) throws java.lang.Exception
2022-02-15 15:18:01,650 [main] INFO  org.springframework.web.servlet.mvc.method.annotation.RequestMappingHandlerMapping(register:550) - Mapped "{[/shop/notice]}" onto public java.lang.String net.lele.controller.ShopController.notice(org.springframework.ui.Model)
2022-02-15 15:18:01,650 [main] INFO  org.springframework.web.servlet.mvc.method.annotation.RequestMappingHandlerMapping(register:550) - Mapped "{[/shop/product/{id}],methods=[POST]}" onto public java.lang.String net.lele.controller.ShopController.product(int,org.springframework.ui.Model,net.lele.domain.Interest_product,org.springframework.validation.BindingResult) throws java.lang.Exception
2022-02-15 15:18:01,651 [main] INFO  org.springframework.web.servlet.mvc.method.annotation.RequestMappingHandlerMapping(register:550) - Mapped "{[/shop/product/{id}]}" onto public java.lang.String net.lele.controller.ShopController.product(int,net.lele.domain.Interest_product,org.springframework.ui.Model) throws java.lang.Exception
2022-02-15 15:18:01,651 [main] INFO  org.springframework.web.servlet.mvc.method.annotation.RequestMappingHandlerMapping(register:550) - Mapped "{[/shop/users/{id}]}" onto public java.lang.String net.lele.controller.ShopController.users(int,org.springframework.ui.Model) throws java.lang.Exception
2022-02-15 15:18:01,652 [main] INFO  org.springframework.web.servlet.mvc.method.annotation.RequestMappingHandlerMapping(register:550) - Mapped "{[/shop/pdelete/{id}]}" onto public java.lang.String net.lele.controller.ShopController.pdelete(int,org.springframework.ui.Model)
2022-02-15 15:18:01,652 [main] INFO  org.springframework.web.servlet.mvc.method.annotation.RequestMappingHandlerMapping(register:550) - Mapped "{[/shop/noticedetail/{id}]}" onto public java.lang.String net.lele.controller.ShopController.noticedetail(int,org.springframework.ui.Model) throws java.lang.Exception
2022-02-15 15:18:01,653 [main] INFO  org.springframework.web.servlet.mvc.method.annotation.RequestMappingHandlerMapping(register:550) - Mapped "{[/shop/hotproduct]}" onto public java.lang.String net.lele.controller.ShopController.hotproduct(org.springframework.ui.Model)
2022-02-15 15:18:01,653 [main] INFO  org.springframework.web.servlet.mvc.method.annotation.RequestMappingHandlerMapping(register:550) - Mapped "{[/shop/loca]}" onto public java.util.List<net.lele.domain.City> net.lele.controller.ShopController.loca(int,org.springframework.ui.Model)
2022-02-15 15:18:01,653 [main] INFO  org.springframework.web.servlet.mvc.method.annotation.RequestMappingHandlerMapping(register:550) - Mapped "{[/shop/login]}" onto public java.lang.String net.lele.controller.ShopController.login(org.springframework.ui.Model) throws java.lang.Exception
2022-02-15 15:18:01,655 [main] INFO  org.springframework.web.servlet.mvc.method.annotation.RequestMappingHandlerMapping(register:550) - Mapped "{[/user/write]}" onto public java.lang.String net.lele.controller.UserController.write(org.springframework.ui.Model) throws java.lang.Exception
2022-02-15 15:18:01,655 [main] INFO  org.springframework.web.servlet.mvc.method.annotation.RequestMappingHandlerMapping(register:550) - Mapped "{[/user/message/{nickname}],methods=[POST]}" onto public java.lang.String net.lele.controller.UserController.message(java.lang.String,org.springframework.ui.Model,net.lele.domain.Message) throws java.lang.Exception
2022-02-15 15:18:01,655 [main] INFO  org.springframework.web.servlet.mvc.method.annotation.RequestMappingHandlerMapping(register:550) - Mapped "{[/user/message/{nickname}]}" onto public java.lang.String net.lele.controller.UserController.message(java.lang.String,net.lele.domain.Message,org.springframework.ui.Model) throws java.lang.Exception
2022-02-15 15:18:01,656 [main] INFO  org.springframework.web.servlet.mvc.method.annotation.RequestMappingHandlerMapping(register:550) - Mapped "{[/user/location]}" onto public java.lang.String net.lele.controller.UserController.location(org.springframework.ui.Model) throws java.lang.Exception
2022-02-15 15:18:01,656 [main] INFO  org.springframework.web.servlet.mvc.method.annotation.RequestMappingHandlerMapping(register:550) - Mapped "{[/user/location],methods=[POST]}" onto public java.lang.String net.lele.controller.UserController.location(javax.servlet.http.HttpServletRequest,org.springframework.ui.Model) throws java.lang.Exception
2022-02-15 15:18:01,657 [main] INFO  org.springframework.web.servlet.mvc.method.annotation.RequestMappingHandlerMapping(register:550) - Mapped "{[/user/loca]}" onto public java.util.List<net.lele.domain.City> net.lele.controller.UserController.loca(int,org.springframework.ui.Model)
2022-02-15 15:18:01,657 [main] INFO  org.springframework.web.servlet.mvc.method.annotation.RequestMappingHandlerMapping(register:550) - Mapped "{[/user/interest]}" onto public java.lang.String net.lele.controller.UserController.interest(org.springframework.ui.Model) throws java.lang.Exception
2022-02-15 15:18:01,658 [main] INFO  org.springframework.web.servlet.mvc.method.annotation.RequestMappingHandlerMapping(register:550) - Mapped "{[/user/msg/receive]}" onto public java.lang.String net.lele.controller.UserController.msgreceive(org.springframework.ui.Model)
2022-02-15 15:18:01,658 [main] INFO  org.springframework.web.servlet.mvc.method.annotation.RequestMappingHandlerMapping(register:550) - Mapped "{[/user/msg/smsg/{id}]}" onto public java.lang.String net.lele.controller.UserController.sendmsg(int,org.springframework.ui.Model) throws java.lang.Exception
2022-02-15 15:18:01,658 [main] INFO  org.springframework.web.servlet.mvc.method.annotation.RequestMappingHandlerMapping(register:550) - Mapped "{[/user/msg/send]}" onto public java.lang.String net.lele.controller.UserController.msgsend(org.springframework.ui.Model) throws java.lang.Exception
2022-02-15 15:18:01,659 [main] INFO  org.springframework.web.servlet.mvc.method.annotation.RequestMappingHandlerMapping(register:550) - Mapped "{[/user/msg/rmsg/{id}]}" onto public java.lang.String net.lele.controller.UserController.recmsg(int,org.springframework.ui.Model) throws java.lang.Exception
2022-02-15 15:18:01,659 [main] INFO  org.springframework.web.servlet.mvc.method.annotation.RequestMappingHandlerMapping(register:550) - Mapped "{[/user/asklist]}" onto public java.lang.String net.lele.controller.UserController.asklist(org.springframework.ui.Model) throws java.lang.Exception
2022-02-15 15:18:01,659 [main] INFO  org.springframework.web.servlet.mvc.method.annotation.RequestMappingHandlerMapping(register:550) - Mapped "{[/user/fileinsert]}" onto public java.lang.String net.lele.controller.UserController.fileinsert(javax.servlet.http.HttpServletRequest,org.springframework.web.multipart.MultipartHttpServletRequest,org.springframework.ui.Model) throws java.lang.Exception
2022-02-15 15:18:01,660 [main] INFO  org.springframework.web.servlet.mvc.method.annotation.RequestMappingHandlerMapping(register:550) - Mapped "{[/user/askdetail/{id}]}" onto public java.lang.String net.lele.controller.UserController.askdetail(int,org.springframework.ui.Model) throws java.lang.Exception
2022-02-15 15:18:01,660 [main] INFO  org.springframework.web.servlet.mvc.method.annotation.RequestMappingHandlerMapping(register:550) - Mapped "{[/user/ask],methods=[POST]}" onto public java.lang.String net.lele.controller.UserController.ask(org.springframework.ui.Model,net.lele.domain.Ask,org.springframework.validation.BindingResult) throws java.lang.Exception
2022-02-15 15:18:01,661 [main] INFO  org.springframework.web.servlet.mvc.method.annotation.RequestMappingHandlerMapping(register:550) - Mapped "{[/user/ask]}" onto public java.lang.String net.lele.controller.UserController.ask(org.springframework.ui.Model,net.lele.domain.Ask) throws java.lang.Exception
2022-02-15 15:18:01,663 [main] INFO  org.springframework.web.servlet.mvc.method.annotation.RequestMappingHandlerMapping(register:550) - Mapped "{[/error]}" onto public org.springframework.http.ResponseEntity<java.util.Map<java.lang.String, java.lang.Object>> org.springframework.boot.autoconfigure.web.servlet.error.BasicErrorController.error(javax.servlet.http.HttpServletRequest)
2022-02-15 15:18:01,663 [main] INFO  org.springframework.web.servlet.mvc.method.annotation.RequestMappingHandlerMapping(register:550) - Mapped "{[/error],produces=[text/html]}" onto public org.springframework.web.servlet.ModelAndView org.springframework.boot.autoconfigure.web.servlet.error.BasicErrorController.errorHtml(javax.servlet.http.HttpServletRequest,javax.servlet.http.HttpServletResponse)
2022-02-15 15:18:01,691 [main] INFO  org.springframework.web.servlet.handler.SimpleUrlHandlerMapping(registerHandler:372) - Mapped URL path [/webjars/**] onto handler of type [class org.springframework.web.servlet.resource.ResourceHttpRequestHandler]
2022-02-15 15:18:01,691 [main] INFO  org.springframework.web.servlet.handler.SimpleUrlHandlerMapping(registerHandler:372) - Mapped URL path [/**] onto handler of type [class org.springframework.web.servlet.resource.ResourceHttpRequestHandler]
2022-02-15 15:18:01,999 [main] INFO  org.springframework.security.web.DefaultSecurityFilterChain(<init>:43) - Creating filter chain: Ant [pattern='/res/**'], []
2022-02-15 15:18:02,078 [main] INFO  org.springframework.security.web.DefaultSecurityFilterChain(<init>:43) - Creating filter chain: org.springframework.security.web.util.matcher.AnyRequestMatcher@1, [org.springframework.security.web.context.request.async.WebAsyncManagerIntegrationFilter@7f811d00, org.springframework.security.web.context.SecurityContextPersistenceFilter@290b1b2e, org.springframework.security.web.header.HeaderWriterFilter@72e34f77, org.springframework.security.web.authentication.logout.LogoutFilter@74cec793, org.springframework.security.web.authentication.UsernamePasswordAuthenticationFilter@644c78d4, org.springframework.security.web.savedrequest.RequestCacheAwareFilter@33617539, org.springframework.security.web.servletapi.SecurityContextHolderAwareRequestFilter@209775a9, org.springframework.security.web.authentication.AnonymousAuthenticationFilter@62923ee6, org.springframework.security.web.session.SessionManagementFilter@389adf1d, org.springframework.security.web.access.ExceptionTranslationFilter@293bb8a5, org.springframework.security.web.access.intercept.FilterSecurityInterceptor@11acdc30]
2022-02-15 15:18:02,160 [main] INFO  org.springframework.jmx.export.annotation.AnnotationMBeanExporter(afterSingletonsInstantiated:433) - Registering beans for JMX exposure on startup
2022-02-15 15:18:02,162 [main] INFO  org.springframework.jmx.export.annotation.AnnotationMBeanExporter(autodetect:895) - Bean with name 'dataSource' has been autodetected for JMX exposure
2022-02-15 15:18:02,167 [main] INFO  org.springframework.jmx.export.annotation.AnnotationMBeanExporter(registerBeanInstance:668) - Located MBean 'dataSource': registering with JMX server as MBean [com.zaxxer.hikari:name=dataSource,type=HikariDataSource]
2022-02-15 15:18:02,203 [main] INFO  org.springframework.boot.web.embedded.tomcat.TomcatWebServer(start:206) - Tomcat started on port(s): 8180 (http) with context path ''
2022-02-15 15:18:08,841 [http-nio-8180-exec-1] INFO  org.springframework.web.servlet.DispatcherServlet(initServletBean:497) - FrameworkServlet 'dispatcherServlet': initialization started
2022-02-15 15:18:08,859 [http-nio-8180-exec-1] INFO  org.springframework.web.servlet.DispatcherServlet(initServletBean:512) - FrameworkServlet 'dispatcherServlet': initialization completed in 17 ms
2022-02-15 15:18:42,077 [http-nio-8180-exec-9] WARN  org.springframework.web.servlet.mvc.support.DefaultHandlerExceptionResolver(logException:194) - Resolved exception caused by handler execution: org.springframework.web.bind.ServletRequestBindingException: Missing request header 'X-Api-Version' for method parameter of type String
2022-02-15 15:18:58,155 [http-nio-8180-exec-6] WARN  org.springframework.web.servlet.mvc.support.DefaultHandlerExceptionResolver(logException:194) - Resolved exception caused by handler execution: org.springframework.web.bind.ServletRequestBindingException: Missing request header 'X-Api-Version' for method parameter of type String
2022-02-15 15:18:59,550 [http-nio-8180-exec-9] WARN  org.springframework.web.servlet.mvc.support.DefaultHandlerExceptionResolver(logException:194) - Resolved exception caused by handler execution: org.springframework.web.bind.ServletRequestBindingException: Missing request header 'X-Api-Version' for method parameter of type String
2022-02-15 15:31:44,365 [main] INFO  org.springframework.boot.web.servlet.context.AnnotationConfigServletWebServerApplicationContext(prepareRefresh:592) - Refreshing org.springframework.boot.web.servlet.context.AnnotationConfigServletWebServerApplicationContext@180bc464: startup date [Tue Feb 15 15:31:44 KST 2022]; root of context hierarchy
2022-02-15 15:31:45,247 [main] INFO  org.springframework.context.support.PostProcessorRegistrationDelegate$BeanPostProcessorChecker(postProcessAfterInitialization:326) - Bean 'org.springframework.transaction.annotation.ProxyTransactionManagementConfiguration' of type [org.springframework.transaction.annotation.ProxyTransactionManagementConfiguration$$EnhancerBySpringCGLIB$$fa96ab05] is not eligible for getting processed by all BeanPostProcessors (for example: not eligible for auto-proxying)
2022-02-15 15:31:46,623 [main] INFO  org.springframework.boot.web.embedded.tomcat.TomcatWebServer(initialize:91) - Tomcat initialized with port(s): 8180 (http)
2022-02-15 15:31:47,100 [localhost-startStop-1] INFO  org.springframework.web.context.ContextLoader(prepareWebApplicationContext:296) - Root WebApplicationContext: initialization completed in 2737 ms
2022-02-15 15:31:47,177 [localhost-startStop-1] INFO  org.springframework.boot.web.servlet.FilterRegistrationBean(configure:245) - Mapping filter: 'characterEncodingFilter' to: [/*]
2022-02-15 15:31:47,178 [localhost-startStop-1] INFO  org.springframework.boot.web.servlet.FilterRegistrationBean(configure:245) - Mapping filter: 'hiddenHttpMethodFilter' to: [/*]
2022-02-15 15:31:47,178 [localhost-startStop-1] INFO  org.springframework.boot.web.servlet.FilterRegistrationBean(configure:245) - Mapping filter: 'httpPutFormContentFilter' to: [/*]
2022-02-15 15:31:47,179 [localhost-startStop-1] INFO  org.springframework.boot.web.servlet.FilterRegistrationBean(configure:245) - Mapping filter: 'requestContextFilter' to: [/*]
2022-02-15 15:31:47,179 [localhost-startStop-1] INFO  org.springframework.boot.web.servlet.DelegatingFilterProxyRegistrationBean(configure:245) - Mapping filter: 'springSecurityFilterChain' to: [/*]
2022-02-15 15:31:47,179 [localhost-startStop-1] INFO  org.springframework.boot.web.servlet.ServletRegistrationBean(addRegistration:187) - Servlet dispatcherServlet mapped to [/]
2022-02-15 15:31:48,680 [main] INFO  org.springframework.orm.jpa.LocalContainerEntityManagerFactoryBean(createNativeEntityManagerFactory:361) - Building JPA container EntityManagerFactory for persistence unit 'default'
2022-02-15 15:31:49,903 [main] INFO  org.springframework.orm.jpa.LocalContainerEntityManagerFactoryBean(buildNativeEntityManagerFactory:415) - Initialized JPA EntityManagerFactory for persistence unit 'default'
2022-02-15 15:31:50,757 [main] INFO  org.springframework.web.servlet.handler.SimpleUrlHandlerMapping(registerHandler:372) - Mapped URL path [/**/favicon.ico] onto handler of type [class org.springframework.web.servlet.resource.ResourceHttpRequestHandler]
2022-02-15 15:31:50,919 [main] INFO  org.springframework.web.servlet.mvc.method.annotation.RequestMappingHandlerAdapter(initControllerAdviceCache:589) - Looking for @ControllerAdvice: org.springframework.boot.web.servlet.context.AnnotationConfigServletWebServerApplicationContext@180bc464: startup date [Tue Feb 15 15:31:44 KST 2022]; root of context hierarchy
2022-02-15 15:31:50,961 [main] WARN  org.springframework.boot.autoconfigure.orm.jpa.JpaBaseConfiguration$JpaWebConfiguration$JpaWebMvcConfiguration(openEntityManagerInViewInterceptor:238) - spring.jpa.open-in-view is enabled by default. Therefore, database queries may be performed during view rendering. Explicitly configure spring.jpa.open-in-view to disable this warning
2022-02-15 15:31:50,992 [main] INFO  org.springframework.web.servlet.mvc.method.annotation.RequestMappingHandlerMapping(register:550) - Mapped "{[/admin/notice]}" onto public java.lang.String net.lele.controller.AdminController.notice(org.springframework.ui.Model,net.lele.domain.Notice)
2022-02-15 15:31:50,993 [main] INFO  org.springframework.web.servlet.mvc.method.annotation.RequestMappingHandlerMapping(register:550) - Mapped "{[/admin/notice],methods=[POST]}" onto public java.lang.String net.lele.controller.AdminController.notice(org.springframework.ui.Model,net.lele.domain.Notice,org.springframework.validation.BindingResult)
2022-02-15 15:31:50,993 [main] INFO  org.springframework.web.servlet.mvc.method.annotation.RequestMappingHandlerMapping(register:550) - Mapped "{[/admin/asklist]}" onto public java.lang.String net.lele.controller.AdminController.ask(org.springframework.ui.Model)
2022-02-15 15:31:50,994 [main] INFO  org.springframework.web.servlet.mvc.method.annotation.RequestMappingHandlerMapping(register:550) - Mapped "{[/admin/index]}" onto public java.lang.String net.lele.controller.AdminController.index(org.springframework.ui.Model)
2022-02-15 15:31:50,994 [main] INFO  org.springframework.web.servlet.mvc.method.annotation.RequestMappingHandlerMapping(register:550) - Mapped "{[/answer/delete/{id}]}" onto private int net.lele.controller.AnswerController.mCommentServiceDelete(int) throws java.lang.Exception
2022-02-15 15:31:50,995 [main] INFO  org.springframework.web.servlet.mvc.method.annotation.RequestMappingHandlerMapping(register:550) - Mapped "{[/answer/list]}" onto private java.util.List<net.lele.domain.Answer> net.lele.controller.AnswerController.mAnswerServiceList(org.springframework.ui.Model,int) throws java.lang.Exception
2022-02-15 15:31:50,995 [main] INFO  org.springframework.web.servlet.mvc.method.annotation.RequestMappingHandlerMapping(register:550) - Mapped "{[/answer/insert]}" onto private int net.lele.controller.AnswerController.mAnswerServiceInsert(int,java.lang.String) throws java.lang.Exception
2022-02-15 15:31:50,998 [main] INFO  org.springframework.web.servlet.mvc.method.annotation.RequestMappingHandlerMapping(register:550) - Mapped "{[/comment/delete/{id}]}" onto private int net.lele.controller.CommentController.mCommentServiceDelete(int) throws java.lang.Exception
2022-02-15 15:31:50,998 [main] INFO  org.springframework.web.servlet.mvc.method.annotation.RequestMappingHandlerMapping(register:550) - Mapped "{[/comment/insert]}" onto private int net.lele.controller.CommentController.mCommentServiceInsert(int,java.lang.String,int) throws java.lang.Exception
2022-02-15 15:31:50,999 [main] INFO  org.springframework.web.servlet.mvc.method.annotation.RequestMappingHandlerMapping(register:550) - Mapped "{[/comment/list]}" onto public java.util.List<net.lele.domain.Comment> net.lele.controller.CommentController.CommentList(org.springframework.ui.Model,int) throws java.lang.Exception
2022-02-15 15:31:51,001 [main] INFO  org.springframework.web.servlet.mvc.method.annotation.RequestMappingHandlerMapping(register:550) - Mapped "{[/],methods=[GET]}" onto public java.lang.String net.lele.controller.Log4j.index(java.lang.String)
2022-02-15 15:31:51,003 [main] INFO  org.springframework.web.servlet.mvc.method.annotation.RequestMappingHandlerMapping(register:550) - Mapped "{[/shop/region/{state}]}" onto public java.lang.String net.lele.controller.ShopController.region(java.lang.String,org.springframework.ui.Model)
2022-02-15 15:31:51,003 [main] INFO  org.springframework.web.servlet.mvc.method.annotation.RequestMappingHandlerMapping(register:550) - Mapped "{[/shop/region/{state}/{city}]}" onto public java.lang.String net.lele.controller.ShopController.region(java.lang.String,java.lang.String,org.springframework.ui.Model)
2022-02-15 15:31:51,004 [main] INFO  org.springframework.web.servlet.mvc.method.annotation.RequestMappingHandlerMapping(register:550) - Mapped "{[/shop/category/{id}]}" onto public java.lang.String net.lele.controller.ShopController.category(int,org.springframework.ui.Model) throws java.lang.Exception
2022-02-15 15:31:51,004 [main] INFO  org.springframework.web.servlet.mvc.method.annotation.RequestMappingHandlerMapping(register:550) - Mapped "{[/shop/noticedetail/{id}]}" onto public java.lang.String net.lele.controller.ShopController.noticedetail(int,org.springframework.ui.Model) throws java.lang.Exception
2022-02-15 15:31:51,005 [main] INFO  org.springframework.web.servlet.mvc.method.annotation.RequestMappingHandlerMapping(register:550) - Mapped "{[/shop/loca]}" onto public java.util.List<net.lele.domain.City> net.lele.controller.ShopController.loca(int,org.springframework.ui.Model)
2022-02-15 15:31:51,006 [main] INFO  org.springframework.web.servlet.mvc.method.annotation.RequestMappingHandlerMapping(register:550) - Mapped "{[/shop/pdelete/{id}]}" onto public java.lang.String net.lele.controller.ShopController.pdelete(int,org.springframework.ui.Model)
2022-02-15 15:31:51,006 [main] INFO  org.springframework.web.servlet.mvc.method.annotation.RequestMappingHandlerMapping(register:550) - Mapped "{[/shop/product/{id}],methods=[POST]}" onto public java.lang.String net.lele.controller.ShopController.product(int,org.springframework.ui.Model,net.lele.domain.Interest_product,org.springframework.validation.BindingResult) throws java.lang.Exception
2022-02-15 15:31:51,007 [main] INFO  org.springframework.web.servlet.mvc.method.annotation.RequestMappingHandlerMapping(register:550) - Mapped "{[/shop/product/{id}]}" onto public java.lang.String net.lele.controller.ShopController.product(int,net.lele.domain.Interest_product,org.springframework.ui.Model) throws java.lang.Exception
2022-02-15 15:31:51,007 [main] INFO  org.springframework.web.servlet.mvc.method.annotation.RequestMappingHandlerMapping(register:550) - Mapped "{[/shop/hotproduct]}" onto public java.lang.String net.lele.controller.ShopController.hotproduct(org.springframework.ui.Model)
2022-02-15 15:31:51,007 [main] INFO  org.springframework.web.servlet.mvc.method.annotation.RequestMappingHandlerMapping(register:550) - Mapped "{[/shop/users/{id}]}" onto public java.lang.String net.lele.controller.ShopController.users(int,org.springframework.ui.Model) throws java.lang.Exception
2022-02-15 15:31:51,008 [main] INFO  org.springframework.web.servlet.mvc.method.annotation.RequestMappingHandlerMapping(register:550) - Mapped "{[/shop/login]}" onto public java.lang.String net.lele.controller.ShopController.login(org.springframework.ui.Model) throws java.lang.Exception
2022-02-15 15:31:51,008 [main] INFO  org.springframework.web.servlet.mvc.method.annotation.RequestMappingHandlerMapping(register:550) - Mapped "{[/shop/notice]}" onto public java.lang.String net.lele.controller.ShopController.notice(org.springframework.ui.Model)
2022-02-15 15:31:51,009 [main] INFO  org.springframework.web.servlet.mvc.method.annotation.RequestMappingHandlerMapping(register:550) - Mapped "{[/shop/index]}" onto public java.lang.String net.lele.controller.ShopController.index(org.springframework.ui.Model) throws java.lang.Exception
2022-02-15 15:31:51,009 [main] INFO  org.springframework.web.servlet.mvc.method.annotation.RequestMappingHandlerMapping(register:550) - Mapped "{[/shop/register],methods=[GET]}" onto public java.lang.String net.lele.controller.ShopController.register(net.lele.model.UserRegistrationModel,org.springframework.ui.Model) throws java.lang.Exception
2022-02-15 15:31:51,009 [main] INFO  org.springframework.web.servlet.mvc.method.annotation.RequestMappingHandlerMapping(register:550) - Mapped "{[/shop/register],methods=[POST]}" onto public java.lang.String net.lele.controller.ShopController.register(net.lele.model.UserRegistrationModel,org.springframework.validation.BindingResult,org.springframework.ui.Model) throws java.lang.Exception
2022-02-15 15:31:51,010 [main] INFO  org.springframework.web.servlet.mvc.method.annotation.RequestMappingHandlerMapping(register:550) - Mapped "{[/shop/delete/{id}]}" onto public java.lang.String net.lele.controller.ShopController.delete(int,org.springframework.ui.Model) throws java.lang.Exception
2022-02-15 15:31:51,010 [main] INFO  org.springframework.web.servlet.mvc.method.annotation.RequestMappingHandlerMapping(register:550) - Mapped "{[/shop/search]}" onto public java.lang.String net.lele.controller.ShopController.search(java.lang.String,org.springframework.ui.Model) throws java.lang.Exception
2022-02-15 15:31:51,011 [main] INFO  org.springframework.web.servlet.mvc.method.annotation.RequestMappingHandlerMapping(register:550) - Mapped "{[/user/msg/send]}" onto public java.lang.String net.lele.controller.UserController.msgsend(org.springframework.ui.Model) throws java.lang.Exception
2022-02-15 15:31:51,012 [main] INFO  org.springframework.web.servlet.mvc.method.annotation.RequestMappingHandlerMapping(register:550) - Mapped "{[/user/msg/rmsg/{id}]}" onto public java.lang.String net.lele.controller.UserController.recmsg(int,org.springframework.ui.Model) throws java.lang.Exception
2022-02-15 15:31:51,012 [main] INFO  org.springframework.web.servlet.mvc.method.annotation.RequestMappingHandlerMapping(register:550) - Mapped "{[/user/asklist]}" onto public java.lang.String net.lele.controller.UserController.asklist(org.springframework.ui.Model) throws java.lang.Exception
2022-02-15 15:31:51,012 [main] INFO  org.springframework.web.servlet.mvc.method.annotation.RequestMappingHandlerMapping(register:550) - Mapped "{[/user/msg/smsg/{id}]}" onto public java.lang.String net.lele.controller.UserController.sendmsg(int,org.springframework.ui.Model) throws java.lang.Exception
2022-02-15 15:31:51,013 [main] INFO  org.springframework.web.servlet.mvc.method.annotation.RequestMappingHandlerMapping(register:550) - Mapped "{[/user/msg/receive]}" onto public java.lang.String net.lele.controller.UserController.msgreceive(org.springframework.ui.Model)
2022-02-15 15:31:51,013 [main] INFO  org.springframework.web.servlet.mvc.method.annotation.RequestMappingHandlerMapping(register:550) - Mapped "{[/user/askdetail/{id}]}" onto public java.lang.String net.lele.controller.UserController.askdetail(int,org.springframework.ui.Model) throws java.lang.Exception
2022-02-15 15:31:51,013 [main] INFO  org.springframework.web.servlet.mvc.method.annotation.RequestMappingHandlerMapping(register:550) - Mapped "{[/user/loca]}" onto public java.util.List<net.lele.domain.City> net.lele.controller.UserController.loca(int,org.springframework.ui.Model)
2022-02-15 15:31:51,020 [main] INFO  org.springframework.web.servlet.mvc.method.annotation.RequestMappingHandlerMapping(register:550) - Mapped "{[/user/interest]}" onto public java.lang.String net.lele.controller.UserController.interest(org.springframework.ui.Model) throws java.lang.Exception
2022-02-15 15:31:51,021 [main] INFO  org.springframework.web.servlet.mvc.method.annotation.RequestMappingHandlerMapping(register:550) - Mapped "{[/user/fileinsert]}" onto public java.lang.String net.lele.controller.UserController.fileinsert(javax.servlet.http.HttpServletRequest,org.springframework.web.multipart.MultipartHttpServletRequest,org.springframework.ui.Model) throws java.lang.Exception
2022-02-15 15:31:51,021 [main] INFO  org.springframework.web.servlet.mvc.method.annotation.RequestMappingHandlerMapping(register:550) - Mapped "{[/user/ask],methods=[POST]}" onto public java.lang.String net.lele.controller.UserController.ask(org.springframework.ui.Model,net.lele.domain.Ask,org.springframework.validation.BindingResult) throws java.lang.Exception
2022-02-15 15:31:51,021 [main] INFO  org.springframework.web.servlet.mvc.method.annotation.RequestMappingHandlerMapping(register:550) - Mapped "{[/user/ask]}" onto public java.lang.String net.lele.controller.UserController.ask(org.springframework.ui.Model,net.lele.domain.Ask) throws java.lang.Exception
2022-02-15 15:31:51,022 [main] INFO  org.springframework.web.servlet.mvc.method.annotation.RequestMappingHandlerMapping(register:550) - Mapped "{[/user/write]}" onto public java.lang.String net.lele.controller.UserController.write(org.springframework.ui.Model) throws java.lang.Exception
2022-02-15 15:31:51,022 [main] INFO  org.springframework.web.servlet.mvc.method.annotation.RequestMappingHandlerMapping(register:550) - Mapped "{[/user/message/{nickname}],methods=[POST]}" onto public java.lang.String net.lele.controller.UserController.message(java.lang.String,org.springframework.ui.Model,net.lele.domain.Message) throws java.lang.Exception
2022-02-15 15:31:51,023 [main] INFO  org.springframework.web.servlet.mvc.method.annotation.RequestMappingHandlerMapping(register:550) - Mapped "{[/user/message/{nickname}]}" onto public java.lang.String net.lele.controller.UserController.message(java.lang.String,net.lele.domain.Message,org.springframework.ui.Model) throws java.lang.Exception
2022-02-15 15:31:51,023 [main] INFO  org.springframework.web.servlet.mvc.method.annotation.RequestMappingHandlerMapping(register:550) - Mapped "{[/user/location]}" onto public java.lang.String net.lele.controller.UserController.location(org.springframework.ui.Model) throws java.lang.Exception
2022-02-15 15:31:51,023 [main] INFO  org.springframework.web.servlet.mvc.method.annotation.RequestMappingHandlerMapping(register:550) - Mapped "{[/user/location],methods=[POST]}" onto public java.lang.String net.lele.controller.UserController.location(javax.servlet.http.HttpServletRequest,org.springframework.ui.Model) throws java.lang.Exception
2022-02-15 15:31:51,025 [main] INFO  org.springframework.web.servlet.mvc.method.annotation.RequestMappingHandlerMapping(register:550) - Mapped "{[/error]}" onto public org.springframework.http.ResponseEntity<java.util.Map<java.lang.String, java.lang.Object>> org.springframework.boot.autoconfigure.web.servlet.error.BasicErrorController.error(javax.servlet.http.HttpServletRequest)
2022-02-15 15:31:51,026 [main] INFO  org.springframework.web.servlet.mvc.method.annotation.RequestMappingHandlerMapping(register:550) - Mapped "{[/error],produces=[text/html]}" onto public org.springframework.web.servlet.ModelAndView org.springframework.boot.autoconfigure.web.servlet.error.BasicErrorController.errorHtml(javax.servlet.http.HttpServletRequest,javax.servlet.http.HttpServletResponse)
2022-02-15 15:31:51,046 [main] INFO  org.springframework.web.servlet.handler.SimpleUrlHandlerMapping(registerHandler:372) - Mapped URL path [/webjars/**] onto handler of type [class org.springframework.web.servlet.resource.ResourceHttpRequestHandler]
2022-02-15 15:31:51,047 [main] INFO  org.springframework.web.servlet.handler.SimpleUrlHandlerMapping(registerHandler:372) - Mapped URL path [/**] onto handler of type [class org.springframework.web.servlet.resource.ResourceHttpRequestHandler]
2022-02-15 15:31:51,343 [main] INFO  org.springframework.security.web.DefaultSecurityFilterChain(<init>:43) - Creating filter chain: Ant [pattern='/res/**'], []
2022-02-15 15:31:51,415 [main] INFO  org.springframework.security.web.DefaultSecurityFilterChain(<init>:43) - Creating filter chain: org.springframework.security.web.util.matcher.AnyRequestMatcher@1, [org.springframework.security.web.context.request.async.WebAsyncManagerIntegrationFilter@4b6166aa, org.springframework.security.web.context.SecurityContextPersistenceFilter@18e7143f, org.springframework.security.web.header.HeaderWriterFilter@47874b25, org.springframework.security.web.authentication.logout.LogoutFilter@c65a5ef, org.springframework.security.web.authentication.UsernamePasswordAuthenticationFilter@62923ee6, org.springframework.security.web.savedrequest.RequestCacheAwareFilter@74cec793, org.springframework.security.web.servletapi.SecurityContextHolderAwareRequestFilter@1bdf8190, org.springframework.security.web.authentication.AnonymousAuthenticationFilter@a77614d, org.springframework.security.web.session.SessionManagementFilter@2c177f9e, org.springframework.security.web.access.ExceptionTranslationFilter@389adf1d, org.springframework.security.web.access.intercept.FilterSecurityInterceptor@74bdc168]
2022-02-15 15:31:51,479 [main] INFO  org.springframework.jmx.export.annotation.AnnotationMBeanExporter(afterSingletonsInstantiated:433) - Registering beans for JMX exposure on startup
2022-02-15 15:31:51,480 [main] INFO  org.springframework.jmx.export.annotation.AnnotationMBeanExporter(autodetect:895) - Bean with name 'dataSource' has been autodetected for JMX exposure
2022-02-15 15:31:51,485 [main] INFO  org.springframework.jmx.export.annotation.AnnotationMBeanExporter(registerBeanInstance:668) - Located MBean 'dataSource': registering with JMX server as MBean [com.zaxxer.hikari:name=dataSource,type=HikariDataSource]
2022-02-15 15:31:51,526 [main] INFO  org.springframework.boot.web.embedded.tomcat.TomcatWebServer(start:206) - Tomcat started on port(s): 8180 (http) with context path ''
2022-02-15 15:32:09,165 [http-nio-8180-exec-1] INFO  org.springframework.web.servlet.DispatcherServlet(initServletBean:497) - FrameworkServlet 'dispatcherServlet': initialization started
2022-02-15 15:32:09,185 [http-nio-8180-exec-1] INFO  org.springframework.web.servlet.DispatcherServlet(initServletBean:512) - FrameworkServlet 'dispatcherServlet': initialization completed in 20 ms
2022-02-15 15:37:12,157 [http-nio-8180-exec-3] WARN  org.springframework.web.servlet.mvc.support.DefaultHandlerExceptionResolver(logException:194) - Resolved exception caused by handler execution: org.springframework.web.bind.ServletRequestBindingException: Missing request header 'X-Api-Version' for method parameter of type String
2022-02-15 15:37:40,596 [http-nio-8180-exec-9] WARN  org.springframework.web.servlet.mvc.support.DefaultHandlerExceptionResolver(logException:194) - Resolved exception caused by handler execution: org.springframework.web.bind.ServletRequestBindingException: Missing request header 'X-Api-Version' for method parameter of type String
2022-02-15 15:55:38,482 [http-nio-8180-exec-2] WARN  org.springframework.web.servlet.mvc.support.DefaultHandlerExceptionResolver(logException:194) - Resolved exception caused by handler execution: org.springframework.web.bind.ServletRequestBindingException: Missing request header 'X-Api-Version' for method parameter of type String
2022-02-15 15:55:44,287 [http-nio-8180-exec-4] WARN  org.springframework.web.servlet.mvc.support.DefaultHandlerExceptionResolver(logException:194) - Resolved exception caused by handler execution: org.springframework.web.bind.ServletRequestBindingException: Missing request header 'X-Api-Version' for method parameter of type String
