2022-02-16 00:08:20,683 [Thread-3] INFO  org.springframework.boot.web.servlet.context.AnnotationConfigServletWebServerApplicationContext(doClose:1006) - Closing org.springframework.boot.web.servlet.context.AnnotationConfigServletWebServerApplicationContext@5d624da6: startup date [Tue Feb 15 16:51:26 KST 2022]; root of context hierarchy
2022-02-16 00:08:20,717 [Thread-3] INFO  org.springframework.jmx.export.annotation.AnnotationMBeanExporter(destroy:451) - Unregistering JMX-exposed beans on shutdown
2022-02-16 00:08:20,719 [Thread-3] INFO  org.springframework.jmx.export.annotation.AnnotationMBeanExporter(unregisterBeans:185) - Unregistering JMX-exposed beans
2022-02-16 00:08:20,724 [Thread-3] INFO  org.springframework.orm.jpa.LocalContainerEntityManagerFactoryBean(destroy:597) - Closing JPA EntityManagerFactory for persistence unit 'default'
2022-02-16 00:09:31,281 [main] INFO  org.springframework.boot.web.servlet.context.AnnotationConfigServletWebServerApplicationContext(prepareRefresh:592) - Refreshing org.springframework.boot.web.servlet.context.AnnotationConfigServletWebServerApplicationContext@668bc3d5: startup date [Wed Feb 16 00:09:31 KST 2022]; root of context hierarchy
2022-02-16 00:09:32,319 [main] INFO  org.springframework.context.support.PostProcessorRegistrationDelegate$BeanPostProcessorChecker(postProcessAfterInitialization:326) - Bean 'org.springframework.transaction.annotation.ProxyTransactionManagementConfiguration' of type [org.springframework.transaction.annotation.ProxyTransactionManagementConfiguration$$EnhancerBySpringCGLIB$$2599fd87] is not eligible for getting processed by all BeanPostProcessors (for example: not eligible for auto-proxying)
2022-02-16 00:09:33,721 [main] INFO  org.springframework.boot.web.embedded.tomcat.TomcatWebServer(initialize:91) - Tomcat initialized with port(s): 8180 (http)
2022-02-16 00:09:34,248 [localhost-startStop-1] INFO  org.springframework.web.context.ContextLoader(prepareWebApplicationContext:296) - Root WebApplicationContext: initialization completed in 2970 ms
2022-02-16 00:09:34,327 [localhost-startStop-1] INFO  org.springframework.boot.web.servlet.FilterRegistrationBean(configure:245) - Mapping filter: 'characterEncodingFilter' to: [/*]
2022-02-16 00:09:34,328 [localhost-startStop-1] INFO  org.springframework.boot.web.servlet.FilterRegistrationBean(configure:245) - Mapping filter: 'hiddenHttpMethodFilter' to: [/*]
2022-02-16 00:09:34,328 [localhost-startStop-1] INFO  org.springframework.boot.web.servlet.FilterRegistrationBean(configure:245) - Mapping filter: 'httpPutFormContentFilter' to: [/*]
2022-02-16 00:09:34,328 [localhost-startStop-1] INFO  org.springframework.boot.web.servlet.FilterRegistrationBean(configure:245) - Mapping filter: 'requestContextFilter' to: [/*]
2022-02-16 00:09:34,329 [localhost-startStop-1] INFO  org.springframework.boot.web.servlet.DelegatingFilterProxyRegistrationBean(configure:245) - Mapping filter: 'springSecurityFilterChain' to: [/*]
2022-02-16 00:09:34,329 [localhost-startStop-1] INFO  org.springframework.boot.web.servlet.ServletRegistrationBean(addRegistration:187) - Servlet dispatcherServlet mapped to [/]
2022-02-16 00:09:35,847 [main] INFO  org.springframework.orm.jpa.LocalContainerEntityManagerFactoryBean(createNativeEntityManagerFactory:361) - Building JPA container EntityManagerFactory for persistence unit 'default'
2022-02-16 00:09:37,273 [main] INFO  org.springframework.orm.jpa.LocalContainerEntityManagerFactoryBean(buildNativeEntityManagerFactory:415) - Initialized JPA EntityManagerFactory for persistence unit 'default'
2022-02-16 00:09:38,194 [main] INFO  org.springframework.web.servlet.handler.SimpleUrlHandlerMapping(registerHandler:372) - Mapped URL path [/**/favicon.ico] onto handler of type [class org.springframework.web.servlet.resource.ResourceHttpRequestHandler]
2022-02-16 00:09:38,377 [main] INFO  org.springframework.web.servlet.mvc.method.annotation.RequestMappingHandlerAdapter(initControllerAdviceCache:589) - Looking for @ControllerAdvice: org.springframework.boot.web.servlet.context.AnnotationConfigServletWebServerApplicationContext@668bc3d5: startup date [Wed Feb 16 00:09:31 KST 2022]; root of context hierarchy
2022-02-16 00:09:38,421 [main] WARN  org.springframework.boot.autoconfigure.orm.jpa.JpaBaseConfiguration$JpaWebConfiguration$JpaWebMvcConfiguration(openEntityManagerInViewInterceptor:238) - spring.jpa.open-in-view is enabled by default. Therefore, database queries may be performed during view rendering. Explicitly configure spring.jpa.open-in-view to disable this warning
2022-02-16 00:09:38,452 [main] INFO  org.springframework.web.servlet.mvc.method.annotation.RequestMappingHandlerMapping(register:550) - Mapped "{[/admin/index]}" onto public java.lang.String net.lele.controller.AdminController.index(org.springframework.ui.Model)
2022-02-16 00:09:38,454 [main] INFO  org.springframework.web.servlet.mvc.method.annotation.RequestMappingHandlerMapping(register:550) - Mapped "{[/admin/notice],methods=[POST]}" onto public java.lang.String net.lele.controller.AdminController.notice(org.springframework.ui.Model,net.lele.domain.Notice,org.springframework.validation.BindingResult)
2022-02-16 00:09:38,454 [main] INFO  org.springframework.web.servlet.mvc.method.annotation.RequestMappingHandlerMapping(register:550) - Mapped "{[/admin/notice]}" onto public java.lang.String net.lele.controller.AdminController.notice(org.springframework.ui.Model,net.lele.domain.Notice)
2022-02-16 00:09:38,455 [main] INFO  org.springframework.web.servlet.mvc.method.annotation.RequestMappingHandlerMapping(register:550) - Mapped "{[/admin/asklist]}" onto public java.lang.String net.lele.controller.AdminController.ask(org.springframework.ui.Model)
2022-02-16 00:09:38,456 [main] INFO  org.springframework.web.servlet.mvc.method.annotation.RequestMappingHandlerMapping(register:550) - Mapped "{[/answer/insert]}" onto private int net.lele.controller.AnswerController.mAnswerServiceInsert(int,java.lang.String) throws java.lang.Exception
2022-02-16 00:09:38,456 [main] INFO  org.springframework.web.servlet.mvc.method.annotation.RequestMappingHandlerMapping(register:550) - Mapped "{[/answer/delete/{id}]}" onto private int net.lele.controller.AnswerController.mCommentServiceDelete(int) throws java.lang.Exception
2022-02-16 00:09:38,457 [main] INFO  org.springframework.web.servlet.mvc.method.annotation.RequestMappingHandlerMapping(register:550) - Mapped "{[/answer/list]}" onto private java.util.List<net.lele.domain.Answer> net.lele.controller.AnswerController.mAnswerServiceList(org.springframework.ui.Model,int) throws java.lang.Exception
2022-02-16 00:09:38,459 [main] INFO  org.springframework.web.servlet.mvc.method.annotation.RequestMappingHandlerMapping(register:550) - Mapped "{[/comment/insert]}" onto private int net.lele.controller.CommentController.mCommentServiceInsert(int,java.lang.String,int) throws java.lang.Exception
2022-02-16 00:09:38,460 [main] INFO  org.springframework.web.servlet.mvc.method.annotation.RequestMappingHandlerMapping(register:550) - Mapped "{[/comment/delete/{id}]}" onto private int net.lele.controller.CommentController.mCommentServiceDelete(int) throws java.lang.Exception
2022-02-16 00:09:38,460 [main] INFO  org.springframework.web.servlet.mvc.method.annotation.RequestMappingHandlerMapping(register:550) - Mapped "{[/comment/list]}" onto public java.util.List<net.lele.domain.Comment> net.lele.controller.CommentController.CommentList(org.springframework.ui.Model,int) throws java.lang.Exception
2022-02-16 00:09:38,463 [main] INFO  org.springframework.web.servlet.mvc.method.annotation.RequestMappingHandlerMapping(register:550) - Mapped "{[/],methods=[GET]}" onto public java.lang.String net.lele.controller.Log4j.index(java.lang.String)
2022-02-16 00:09:38,465 [main] INFO  org.springframework.web.servlet.mvc.method.annotation.RequestMappingHandlerMapping(register:550) - Mapped "{[/shop/index]}" onto public java.lang.String net.lele.controller.ShopController.index(org.springframework.ui.Model) throws java.lang.Exception
2022-02-16 00:09:38,466 [main] INFO  org.springframework.web.servlet.mvc.method.annotation.RequestMappingHandlerMapping(register:550) - Mapped "{[/shop/register],methods=[GET]}" onto public java.lang.String net.lele.controller.ShopController.register(net.lele.model.UserRegistrationModel,org.springframework.ui.Model) throws java.lang.Exception
2022-02-16 00:09:38,467 [main] INFO  org.springframework.web.servlet.mvc.method.annotation.RequestMappingHandlerMapping(register:550) - Mapped "{[/shop/register],methods=[POST]}" onto public java.lang.String net.lele.controller.ShopController.register(net.lele.model.UserRegistrationModel,org.springframework.validation.BindingResult,org.springframework.ui.Model) throws java.lang.Exception
2022-02-16 00:09:38,468 [main] INFO  org.springframework.web.servlet.mvc.method.annotation.RequestMappingHandlerMapping(register:550) - Mapped "{[/shop/delete/{id}]}" onto public java.lang.String net.lele.controller.ShopController.delete(int,org.springframework.ui.Model) throws java.lang.Exception
2022-02-16 00:09:38,468 [main] INFO  org.springframework.web.servlet.mvc.method.annotation.RequestMappingHandlerMapping(register:550) - Mapped "{[/shop/search]}" onto public java.lang.String net.lele.controller.ShopController.search(java.lang.String,org.springframework.ui.Model) throws java.lang.Exception
2022-02-16 00:09:38,469 [main] INFO  org.springframework.web.servlet.mvc.method.annotation.RequestMappingHandlerMapping(register:550) - Mapped "{[/shop/region/{state}]}" onto public java.lang.String net.lele.controller.ShopController.region(java.lang.String,org.springframework.ui.Model)
2022-02-16 00:09:38,469 [main] INFO  org.springframework.web.servlet.mvc.method.annotation.RequestMappingHandlerMapping(register:550) - Mapped "{[/shop/region/{state}/{city}]}" onto public java.lang.String net.lele.controller.ShopController.region(java.lang.String,java.lang.String,org.springframework.ui.Model)
2022-02-16 00:09:38,470 [main] INFO  org.springframework.web.servlet.mvc.method.annotation.RequestMappingHandlerMapping(register:550) - Mapped "{[/shop/category/{id}]}" onto public java.lang.String net.lele.controller.ShopController.category(int,org.springframework.ui.Model) throws java.lang.Exception
2022-02-16 00:09:38,470 [main] INFO  org.springframework.web.servlet.mvc.method.annotation.RequestMappingHandlerMapping(register:550) - Mapped "{[/shop/notice]}" onto public java.lang.String net.lele.controller.ShopController.notice(org.springframework.ui.Model)
2022-02-16 00:09:38,471 [main] INFO  org.springframework.web.servlet.mvc.method.annotation.RequestMappingHandlerMapping(register:550) - Mapped "{[/shop/login]}" onto public java.lang.String net.lele.controller.ShopController.login(org.springframework.ui.Model) throws java.lang.Exception
2022-02-16 00:09:38,471 [main] INFO  org.springframework.web.servlet.mvc.method.annotation.RequestMappingHandlerMapping(register:550) - Mapped "{[/shop/noticedetail/{id}]}" onto public java.lang.String net.lele.controller.ShopController.noticedetail(int,org.springframework.ui.Model) throws java.lang.Exception
2022-02-16 00:09:38,472 [main] INFO  org.springframework.web.servlet.mvc.method.annotation.RequestMappingHandlerMapping(register:550) - Mapped "{[/shop/product/{id}],methods=[POST]}" onto public java.lang.String net.lele.controller.ShopController.product(int,org.springframework.ui.Model,net.lele.domain.Interest_product,org.springframework.validation.BindingResult) throws java.lang.Exception
2022-02-16 00:09:38,473 [main] INFO  org.springframework.web.servlet.mvc.method.annotation.RequestMappingHandlerMapping(register:550) - Mapped "{[/shop/product/{id}]}" onto public java.lang.String net.lele.controller.ShopController.product(int,net.lele.domain.Interest_product,org.springframework.ui.Model) throws java.lang.Exception
2022-02-16 00:09:38,473 [main] INFO  org.springframework.web.servlet.mvc.method.annotation.RequestMappingHandlerMapping(register:550) - Mapped "{[/shop/loca]}" onto public java.util.List<net.lele.domain.City> net.lele.controller.ShopController.loca(int,org.springframework.ui.Model)
2022-02-16 00:09:38,474 [main] INFO  org.springframework.web.servlet.mvc.method.annotation.RequestMappingHandlerMapping(register:550) - Mapped "{[/shop/users/{id}]}" onto public java.lang.String net.lele.controller.ShopController.users(int,org.springframework.ui.Model) throws java.lang.Exception
2022-02-16 00:09:38,474 [main] INFO  org.springframework.web.servlet.mvc.method.annotation.RequestMappingHandlerMapping(register:550) - Mapped "{[/shop/pdelete/{id}]}" onto public java.lang.String net.lele.controller.ShopController.pdelete(int,org.springframework.ui.Model)
2022-02-16 00:09:38,475 [main] INFO  org.springframework.web.servlet.mvc.method.annotation.RequestMappingHandlerMapping(register:550) - Mapped "{[/shop/hotproduct]}" onto public java.lang.String net.lele.controller.ShopController.hotproduct(org.springframework.ui.Model)
2022-02-16 00:09:38,476 [main] INFO  org.springframework.web.servlet.mvc.method.annotation.RequestMappingHandlerMapping(register:550) - Mapped "{[/user/write]}" onto public java.lang.String net.lele.controller.UserController.write(org.springframework.ui.Model) throws java.lang.Exception
2022-02-16 00:09:38,477 [main] INFO  org.springframework.web.servlet.mvc.method.annotation.RequestMappingHandlerMapping(register:550) - Mapped "{[/user/message/{nickname}]}" onto public java.lang.String net.lele.controller.UserController.message(java.lang.String,net.lele.domain.Message,org.springframework.ui.Model) throws java.lang.Exception
2022-02-16 00:09:38,477 [main] INFO  org.springframework.web.servlet.mvc.method.annotation.RequestMappingHandlerMapping(register:550) - Mapped "{[/user/message/{nickname}],methods=[POST]}" onto public java.lang.String net.lele.controller.UserController.message(java.lang.String,org.springframework.ui.Model,net.lele.domain.Message) throws java.lang.Exception
2022-02-16 00:09:38,478 [main] INFO  org.springframework.web.servlet.mvc.method.annotation.RequestMappingHandlerMapping(register:550) - Mapped "{[/user/location]}" onto public java.lang.String net.lele.controller.UserController.location(org.springframework.ui.Model) throws java.lang.Exception
2022-02-16 00:09:38,482 [main] INFO  org.springframework.web.servlet.mvc.method.annotation.RequestMappingHandlerMapping(register:550) - Mapped "{[/user/location],methods=[POST]}" onto public java.lang.String net.lele.controller.UserController.location(javax.servlet.http.HttpServletRequest,org.springframework.ui.Model) throws java.lang.Exception
2022-02-16 00:09:38,483 [main] INFO  org.springframework.web.servlet.mvc.method.annotation.RequestMappingHandlerMapping(register:550) - Mapped "{[/user/ask],methods=[POST]}" onto public java.lang.String net.lele.controller.UserController.ask(org.springframework.ui.Model,net.lele.domain.Ask,org.springframework.validation.BindingResult) throws java.lang.Exception
2022-02-16 00:09:38,484 [main] INFO  org.springframework.web.servlet.mvc.method.annotation.RequestMappingHandlerMapping(register:550) - Mapped "{[/user/ask]}" onto public java.lang.String net.lele.controller.UserController.ask(org.springframework.ui.Model,net.lele.domain.Ask) throws java.lang.Exception
2022-02-16 00:09:38,484 [main] INFO  org.springframework.web.servlet.mvc.method.annotation.RequestMappingHandlerMapping(register:550) - Mapped "{[/user/asklist]}" onto public java.lang.String net.lele.controller.UserController.asklist(org.springframework.ui.Model) throws java.lang.Exception
2022-02-16 00:09:38,485 [main] INFO  org.springframework.web.servlet.mvc.method.annotation.RequestMappingHandlerMapping(register:550) - Mapped "{[/user/askdetail/{id}]}" onto public java.lang.String net.lele.controller.UserController.askdetail(int,org.springframework.ui.Model) throws java.lang.Exception
2022-02-16 00:09:38,485 [main] INFO  org.springframework.web.servlet.mvc.method.annotation.RequestMappingHandlerMapping(register:550) - Mapped "{[/user/msg/send]}" onto public java.lang.String net.lele.controller.UserController.msgsend(org.springframework.ui.Model) throws java.lang.Exception
2022-02-16 00:09:38,486 [main] INFO  org.springframework.web.servlet.mvc.method.annotation.RequestMappingHandlerMapping(register:550) - Mapped "{[/user/msg/receive]}" onto public java.lang.String net.lele.controller.UserController.msgreceive(org.springframework.ui.Model)
2022-02-16 00:09:38,486 [main] INFO  org.springframework.web.servlet.mvc.method.annotation.RequestMappingHandlerMapping(register:550) - Mapped "{[/user/loca]}" onto public java.util.List<net.lele.domain.City> net.lele.controller.UserController.loca(int,org.springframework.ui.Model)
2022-02-16 00:09:38,487 [main] INFO  org.springframework.web.servlet.mvc.method.annotation.RequestMappingHandlerMapping(register:550) - Mapped "{[/user/fileinsert]}" onto public java.lang.String net.lele.controller.UserController.fileinsert(javax.servlet.http.HttpServletRequest,org.springframework.web.multipart.MultipartHttpServletRequest,org.springframework.ui.Model) throws java.lang.Exception
2022-02-16 00:09:38,487 [main] INFO  org.springframework.web.servlet.mvc.method.annotation.RequestMappingHandlerMapping(register:550) - Mapped "{[/user/interest]}" onto public java.lang.String net.lele.controller.UserController.interest(org.springframework.ui.Model) throws java.lang.Exception
2022-02-16 00:09:38,488 [main] INFO  org.springframework.web.servlet.mvc.method.annotation.RequestMappingHandlerMapping(register:550) - Mapped "{[/user/msg/smsg/{id}]}" onto public java.lang.String net.lele.controller.UserController.sendmsg(int,org.springframework.ui.Model) throws java.lang.Exception
2022-02-16 00:09:38,488 [main] INFO  org.springframework.web.servlet.mvc.method.annotation.RequestMappingHandlerMapping(register:550) - Mapped "{[/user/msg/rmsg/{id}]}" onto public java.lang.String net.lele.controller.UserController.recmsg(int,org.springframework.ui.Model) throws java.lang.Exception
2022-02-16 00:09:38,490 [main] INFO  org.springframework.web.servlet.mvc.method.annotation.RequestMappingHandlerMapping(register:550) - Mapped "{[/error]}" onto public org.springframework.http.ResponseEntity<java.util.Map<java.lang.String, java.lang.Object>> org.springframework.boot.autoconfigure.web.servlet.error.BasicErrorController.error(javax.servlet.http.HttpServletRequest)
2022-02-16 00:09:38,491 [main] INFO  org.springframework.web.servlet.mvc.method.annotation.RequestMappingHandlerMapping(register:550) - Mapped "{[/error],produces=[text/html]}" onto public org.springframework.web.servlet.ModelAndView org.springframework.boot.autoconfigure.web.servlet.error.BasicErrorController.errorHtml(javax.servlet.http.HttpServletRequest,javax.servlet.http.HttpServletResponse)
2022-02-16 00:09:38,523 [main] INFO  org.springframework.web.servlet.handler.SimpleUrlHandlerMapping(registerHandler:372) - Mapped URL path [/webjars/**] onto handler of type [class org.springframework.web.servlet.resource.ResourceHttpRequestHandler]
2022-02-16 00:09:38,523 [main] INFO  org.springframework.web.servlet.handler.SimpleUrlHandlerMapping(registerHandler:372) - Mapped URL path [/**] onto handler of type [class org.springframework.web.servlet.resource.ResourceHttpRequestHandler]
2022-02-16 00:09:38,841 [main] INFO  org.springframework.security.web.DefaultSecurityFilterChain(<init>:43) - Creating filter chain: Ant [pattern='/res/**'], []
2022-02-16 00:09:38,915 [main] INFO  org.springframework.security.web.DefaultSecurityFilterChain(<init>:43) - Creating filter chain: org.springframework.security.web.util.matcher.AnyRequestMatcher@1, [org.springframework.security.web.context.request.async.WebAsyncManagerIntegrationFilter@b91d8c4, org.springframework.security.web.context.SecurityContextPersistenceFilter@209775a9, org.springframework.security.web.header.HeaderWriterFilter@290b1b2e, org.springframework.security.web.authentication.logout.LogoutFilter@8a589a2, org.springframework.security.web.authentication.UsernamePasswordAuthenticationFilter@7f811d00, org.springframework.security.web.savedrequest.RequestCacheAwareFilter@f9b7332, org.springframework.security.web.servletapi.SecurityContextHolderAwareRequestFilter@4f8969b0, org.springframework.security.web.authentication.AnonymousAuthenticationFilter@4b6166aa, org.springframework.security.web.session.SessionManagementFilter@33617539, org.springframework.security.web.access.ExceptionTranslationFilter@7bf9b098, org.springframework.security.web.access.intercept.FilterSecurityInterceptor@6bab2585]
2022-02-16 00:09:38,980 [main] INFO  org.springframework.jmx.export.annotation.AnnotationMBeanExporter(afterSingletonsInstantiated:433) - Registering beans for JMX exposure on startup
2022-02-16 00:09:38,982 [main] INFO  org.springframework.jmx.export.annotation.AnnotationMBeanExporter(autodetect:895) - Bean with name 'dataSource' has been autodetected for JMX exposure
2022-02-16 00:09:38,987 [main] INFO  org.springframework.jmx.export.annotation.AnnotationMBeanExporter(registerBeanInstance:668) - Located MBean 'dataSource': registering with JMX server as MBean [com.zaxxer.hikari:name=dataSource,type=HikariDataSource]
2022-02-16 00:09:39,031 [main] INFO  org.springframework.boot.web.embedded.tomcat.TomcatWebServer(start:206) - Tomcat started on port(s): 8180 (http) with context path ''
2022-02-16 00:09:46,937 [http-nio-8180-exec-1] INFO  org.springframework.web.servlet.DispatcherServlet(initServletBean:497) - FrameworkServlet 'dispatcherServlet': initialization started
2022-02-16 00:09:46,955 [http-nio-8180-exec-1] INFO  org.springframework.web.servlet.DispatcherServlet(initServletBean:512) - FrameworkServlet 'dispatcherServlet': initialization completed in 18 ms
2022-02-16 00:27:29,794 [Thread-3] INFO  org.springframework.boot.web.servlet.context.AnnotationConfigServletWebServerApplicationContext(doClose:1006) - Closing org.springframework.boot.web.servlet.context.AnnotationConfigServletWebServerApplicationContext@668bc3d5: startup date [Wed Feb 16 00:09:31 KST 2022]; root of context hierarchy
2022-02-16 00:27:29,796 [Thread-3] INFO  org.springframework.jmx.export.annotation.AnnotationMBeanExporter(destroy:451) - Unregistering JMX-exposed beans on shutdown
2022-02-16 00:27:29,796 [Thread-3] INFO  org.springframework.jmx.export.annotation.AnnotationMBeanExporter(unregisterBeans:185) - Unregistering JMX-exposed beans
2022-02-16 00:27:29,801 [Thread-3] INFO  org.springframework.orm.jpa.LocalContainerEntityManagerFactoryBean(destroy:597) - Closing JPA EntityManagerFactory for persistence unit 'default'
2022-02-16 00:29:06,134 [main] INFO  org.springframework.boot.web.servlet.context.AnnotationConfigServletWebServerApplicationContext(prepareRefresh:592) - Refreshing org.springframework.boot.web.servlet.context.AnnotationConfigServletWebServerApplicationContext@668bc3d5: startup date [Wed Feb 16 00:29:06 KST 2022]; root of context hierarchy
2022-02-16 00:29:07,186 [main] INFO  org.springframework.context.support.PostProcessorRegistrationDelegate$BeanPostProcessorChecker(postProcessAfterInitialization:326) - Bean 'org.springframework.transaction.annotation.ProxyTransactionManagementConfiguration' of type [org.springframework.transaction.annotation.ProxyTransactionManagementConfiguration$$EnhancerBySpringCGLIB$$2599fd87] is not eligible for getting processed by all BeanPostProcessors (for example: not eligible for auto-proxying)
2022-02-16 00:29:08,533 [main] INFO  org.springframework.boot.web.embedded.tomcat.TomcatWebServer(initialize:91) - Tomcat initialized with port(s): 8180 (http)
2022-02-16 00:29:09,052 [localhost-startStop-1] INFO  org.springframework.web.context.ContextLoader(prepareWebApplicationContext:296) - Root WebApplicationContext: initialization completed in 2920 ms
2022-02-16 00:29:09,148 [localhost-startStop-1] INFO  org.springframework.boot.web.servlet.FilterRegistrationBean(configure:245) - Mapping filter: 'characterEncodingFilter' to: [/*]
2022-02-16 00:29:09,148 [localhost-startStop-1] INFO  org.springframework.boot.web.servlet.FilterRegistrationBean(configure:245) - Mapping filter: 'hiddenHttpMethodFilter' to: [/*]
2022-02-16 00:29:09,148 [localhost-startStop-1] INFO  org.springframework.boot.web.servlet.FilterRegistrationBean(configure:245) - Mapping filter: 'httpPutFormContentFilter' to: [/*]
2022-02-16 00:29:09,149 [localhost-startStop-1] INFO  org.springframework.boot.web.servlet.FilterRegistrationBean(configure:245) - Mapping filter: 'requestContextFilter' to: [/*]
2022-02-16 00:29:09,150 [localhost-startStop-1] INFO  org.springframework.boot.web.servlet.DelegatingFilterProxyRegistrationBean(configure:245) - Mapping filter: 'springSecurityFilterChain' to: [/*]
2022-02-16 00:29:09,150 [localhost-startStop-1] INFO  org.springframework.boot.web.servlet.ServletRegistrationBean(addRegistration:187) - Servlet dispatcherServlet mapped to [/]
2022-02-16 00:29:10,683 [main] INFO  org.springframework.orm.jpa.LocalContainerEntityManagerFactoryBean(createNativeEntityManagerFactory:361) - Building JPA container EntityManagerFactory for persistence unit 'default'
2022-02-16 00:29:12,044 [main] INFO  org.springframework.orm.jpa.LocalContainerEntityManagerFactoryBean(buildNativeEntityManagerFactory:415) - Initialized JPA EntityManagerFactory for persistence unit 'default'
2022-02-16 00:29:12,891 [main] INFO  org.springframework.web.servlet.handler.SimpleUrlHandlerMapping(registerHandler:372) - Mapped URL path [/**/favicon.ico] onto handler of type [class org.springframework.web.servlet.resource.ResourceHttpRequestHandler]
2022-02-16 00:29:13,051 [main] INFO  org.springframework.web.servlet.mvc.method.annotation.RequestMappingHandlerAdapter(initControllerAdviceCache:589) - Looking for @ControllerAdvice: org.springframework.boot.web.servlet.context.AnnotationConfigServletWebServerApplicationContext@668bc3d5: startup date [Wed Feb 16 00:29:06 KST 2022]; root of context hierarchy
2022-02-16 00:29:13,086 [main] WARN  org.springframework.boot.autoconfigure.orm.jpa.JpaBaseConfiguration$JpaWebConfiguration$JpaWebMvcConfiguration(openEntityManagerInViewInterceptor:238) - spring.jpa.open-in-view is enabled by default. Therefore, database queries may be performed during view rendering. Explicitly configure spring.jpa.open-in-view to disable this warning
2022-02-16 00:29:13,113 [main] INFO  org.springframework.web.servlet.mvc.method.annotation.RequestMappingHandlerMapping(register:550) - Mapped "{[/admin/index]}" onto public java.lang.String net.lele.controller.AdminController.index(org.springframework.ui.Model)
2022-02-16 00:29:13,115 [main] INFO  org.springframework.web.servlet.mvc.method.annotation.RequestMappingHandlerMapping(register:550) - Mapped "{[/admin/notice],methods=[POST]}" onto public java.lang.String net.lele.controller.AdminController.notice(org.springframework.ui.Model,net.lele.domain.Notice,org.springframework.validation.BindingResult)
2022-02-16 00:29:13,115 [main] INFO  org.springframework.web.servlet.mvc.method.annotation.RequestMappingHandlerMapping(register:550) - Mapped "{[/admin/notice]}" onto public java.lang.String net.lele.controller.AdminController.notice(org.springframework.ui.Model,net.lele.domain.Notice)
2022-02-16 00:29:13,116 [main] INFO  org.springframework.web.servlet.mvc.method.annotation.RequestMappingHandlerMapping(register:550) - Mapped "{[/admin/asklist]}" onto public java.lang.String net.lele.controller.AdminController.ask(org.springframework.ui.Model)
2022-02-16 00:29:13,117 [main] INFO  org.springframework.web.servlet.mvc.method.annotation.RequestMappingHandlerMapping(register:550) - Mapped "{[/answer/list]}" onto private java.util.List<net.lele.domain.Answer> net.lele.controller.AnswerController.mAnswerServiceList(org.springframework.ui.Model,int) throws java.lang.Exception
2022-02-16 00:29:13,118 [main] INFO  org.springframework.web.servlet.mvc.method.annotation.RequestMappingHandlerMapping(register:550) - Mapped "{[/answer/delete/{id}]}" onto private int net.lele.controller.AnswerController.mCommentServiceDelete(int) throws java.lang.Exception
2022-02-16 00:29:13,118 [main] INFO  org.springframework.web.servlet.mvc.method.annotation.RequestMappingHandlerMapping(register:550) - Mapped "{[/answer/insert]}" onto private int net.lele.controller.AnswerController.mAnswerServiceInsert(int,java.lang.String) throws java.lang.Exception
2022-02-16 00:29:13,121 [main] INFO  org.springframework.web.servlet.mvc.method.annotation.RequestMappingHandlerMapping(register:550) - Mapped "{[/comment/list]}" onto public java.util.List<net.lele.domain.Comment> net.lele.controller.CommentController.CommentList(org.springframework.ui.Model,int) throws java.lang.Exception
2022-02-16 00:29:13,122 [main] INFO  org.springframework.web.servlet.mvc.method.annotation.RequestMappingHandlerMapping(register:550) - Mapped "{[/comment/delete/{id}]}" onto private int net.lele.controller.CommentController.mCommentServiceDelete(int) throws java.lang.Exception
2022-02-16 00:29:13,122 [main] INFO  org.springframework.web.servlet.mvc.method.annotation.RequestMappingHandlerMapping(register:550) - Mapped "{[/comment/insert]}" onto private int net.lele.controller.CommentController.mCommentServiceInsert(int,java.lang.String,int) throws java.lang.Exception
2022-02-16 00:29:13,125 [main] INFO  org.springframework.web.servlet.mvc.method.annotation.RequestMappingHandlerMapping(register:550) - Mapped "{[/],methods=[GET]}" onto public java.lang.String net.lele.controller.Log4j.index(java.lang.String)
2022-02-16 00:29:13,127 [main] INFO  org.springframework.web.servlet.mvc.method.annotation.RequestMappingHandlerMapping(register:550) - Mapped "{[/shop/index]}" onto public java.lang.String net.lele.controller.ShopController.index(org.springframework.ui.Model) throws java.lang.Exception
2022-02-16 00:29:13,128 [main] INFO  org.springframework.web.servlet.mvc.method.annotation.RequestMappingHandlerMapping(register:550) - Mapped "{[/shop/register],methods=[GET]}" onto public java.lang.String net.lele.controller.ShopController.register(net.lele.model.UserRegistrationModel,org.springframework.ui.Model) throws java.lang.Exception
2022-02-16 00:29:13,129 [main] INFO  org.springframework.web.servlet.mvc.method.annotation.RequestMappingHandlerMapping(register:550) - Mapped "{[/shop/register],methods=[POST]}" onto public java.lang.String net.lele.controller.ShopController.register(net.lele.model.UserRegistrationModel,org.springframework.validation.BindingResult,org.springframework.ui.Model) throws java.lang.Exception
2022-02-16 00:29:13,130 [main] INFO  org.springframework.web.servlet.mvc.method.annotation.RequestMappingHandlerMapping(register:550) - Mapped "{[/shop/delete/{id}]}" onto public java.lang.String net.lele.controller.ShopController.delete(int,org.springframework.ui.Model) throws java.lang.Exception
2022-02-16 00:29:13,130 [main] INFO  org.springframework.web.servlet.mvc.method.annotation.RequestMappingHandlerMapping(register:550) - Mapped "{[/shop/search]}" onto public java.lang.String net.lele.controller.ShopController.search(java.lang.String,org.springframework.ui.Model) throws java.lang.Exception
2022-02-16 00:29:13,131 [main] INFO  org.springframework.web.servlet.mvc.method.annotation.RequestMappingHandlerMapping(register:550) - Mapped "{[/shop/region/{state}]}" onto public java.lang.String net.lele.controller.ShopController.region(java.lang.String,org.springframework.ui.Model)
2022-02-16 00:29:13,131 [main] INFO  org.springframework.web.servlet.mvc.method.annotation.RequestMappingHandlerMapping(register:550) - Mapped "{[/shop/region/{state}/{city}]}" onto public java.lang.String net.lele.controller.ShopController.region(java.lang.String,java.lang.String,org.springframework.ui.Model)
2022-02-16 00:29:13,132 [main] INFO  org.springframework.web.servlet.mvc.method.annotation.RequestMappingHandlerMapping(register:550) - Mapped "{[/shop/category/{id}]}" onto public java.lang.String net.lele.controller.ShopController.category(int,org.springframework.ui.Model) throws java.lang.Exception
2022-02-16 00:29:13,132 [main] INFO  org.springframework.web.servlet.mvc.method.annotation.RequestMappingHandlerMapping(register:550) - Mapped "{[/shop/login]}" onto public java.lang.String net.lele.controller.ShopController.login(org.springframework.ui.Model) throws java.lang.Exception
2022-02-16 00:29:13,133 [main] INFO  org.springframework.web.servlet.mvc.method.annotation.RequestMappingHandlerMapping(register:550) - Mapped "{[/shop/notice]}" onto public java.lang.String net.lele.controller.ShopController.notice(org.springframework.ui.Model)
2022-02-16 00:29:13,134 [main] INFO  org.springframework.web.servlet.mvc.method.annotation.RequestMappingHandlerMapping(register:550) - Mapped "{[/shop/pdelete/{id}]}" onto public java.lang.String net.lele.controller.ShopController.pdelete(int,org.springframework.ui.Model)
2022-02-16 00:29:13,134 [main] INFO  org.springframework.web.servlet.mvc.method.annotation.RequestMappingHandlerMapping(register:550) - Mapped "{[/shop/noticedetail/{id}]}" onto public java.lang.String net.lele.controller.ShopController.noticedetail(int,org.springframework.ui.Model) throws java.lang.Exception
2022-02-16 00:29:13,135 [main] INFO  org.springframework.web.servlet.mvc.method.annotation.RequestMappingHandlerMapping(register:550) - Mapped "{[/shop/loca]}" onto public java.util.List<net.lele.domain.City> net.lele.controller.ShopController.loca(int,org.springframework.ui.Model)
2022-02-16 00:29:13,135 [main] INFO  org.springframework.web.servlet.mvc.method.annotation.RequestMappingHandlerMapping(register:550) - Mapped "{[/shop/product/{id}]}" onto public java.lang.String net.lele.controller.ShopController.product(int,net.lele.domain.Interest_product,org.springframework.ui.Model) throws java.lang.Exception
2022-02-16 00:29:13,136 [main] INFO  org.springframework.web.servlet.mvc.method.annotation.RequestMappingHandlerMapping(register:550) - Mapped "{[/shop/product/{id}],methods=[POST]}" onto public java.lang.String net.lele.controller.ShopController.product(int,org.springframework.ui.Model,net.lele.domain.Interest_product,org.springframework.validation.BindingResult) throws java.lang.Exception
2022-02-16 00:29:13,136 [main] INFO  org.springframework.web.servlet.mvc.method.annotation.RequestMappingHandlerMapping(register:550) - Mapped "{[/shop/hotproduct]}" onto public java.lang.String net.lele.controller.ShopController.hotproduct(org.springframework.ui.Model)
2022-02-16 00:29:13,137 [main] INFO  org.springframework.web.servlet.mvc.method.annotation.RequestMappingHandlerMapping(register:550) - Mapped "{[/shop/users/{id}]}" onto public java.lang.String net.lele.controller.ShopController.users(int,org.springframework.ui.Model) throws java.lang.Exception
2022-02-16 00:29:13,138 [main] INFO  org.springframework.web.servlet.mvc.method.annotation.RequestMappingHandlerMapping(register:550) - Mapped "{[/user/write]}" onto public java.lang.String net.lele.controller.UserController.write(org.springframework.ui.Model) throws java.lang.Exception
2022-02-16 00:29:13,139 [main] INFO  org.springframework.web.servlet.mvc.method.annotation.RequestMappingHandlerMapping(register:550) - Mapped "{[/user/message/{nickname}]}" onto public java.lang.String net.lele.controller.UserController.message(java.lang.String,net.lele.domain.Message,org.springframework.ui.Model) throws java.lang.Exception
2022-02-16 00:29:13,142 [main] INFO  org.springframework.web.servlet.mvc.method.annotation.RequestMappingHandlerMapping(register:550) - Mapped "{[/user/message/{nickname}],methods=[POST]}" onto public java.lang.String net.lele.controller.UserController.message(java.lang.String,org.springframework.ui.Model,net.lele.domain.Message) throws java.lang.Exception
2022-02-16 00:29:13,143 [main] INFO  org.springframework.web.servlet.mvc.method.annotation.RequestMappingHandlerMapping(register:550) - Mapped "{[/user/location]}" onto public java.lang.String net.lele.controller.UserController.location(org.springframework.ui.Model) throws java.lang.Exception
2022-02-16 00:29:13,144 [main] INFO  org.springframework.web.servlet.mvc.method.annotation.RequestMappingHandlerMapping(register:550) - Mapped "{[/user/location],methods=[POST]}" onto public java.lang.String net.lele.controller.UserController.location(javax.servlet.http.HttpServletRequest,org.springframework.ui.Model) throws java.lang.Exception
2022-02-16 00:29:13,144 [main] INFO  org.springframework.web.servlet.mvc.method.annotation.RequestMappingHandlerMapping(register:550) - Mapped "{[/user/ask],methods=[POST]}" onto public java.lang.String net.lele.controller.UserController.ask(org.springframework.ui.Model,net.lele.domain.Ask,org.springframework.validation.BindingResult) throws java.lang.Exception
2022-02-16 00:29:13,145 [main] INFO  org.springframework.web.servlet.mvc.method.annotation.RequestMappingHandlerMapping(register:550) - Mapped "{[/user/ask]}" onto public java.lang.String net.lele.controller.UserController.ask(org.springframework.ui.Model,net.lele.domain.Ask) throws java.lang.Exception
2022-02-16 00:29:13,145 [main] INFO  org.springframework.web.servlet.mvc.method.annotation.RequestMappingHandlerMapping(register:550) - Mapped "{[/user/loca]}" onto public java.util.List<net.lele.domain.City> net.lele.controller.UserController.loca(int,org.springframework.ui.Model)
2022-02-16 00:29:13,146 [main] INFO  org.springframework.web.servlet.mvc.method.annotation.RequestMappingHandlerMapping(register:550) - Mapped "{[/user/askdetail/{id}]}" onto public java.lang.String net.lele.controller.UserController.askdetail(int,org.springframework.ui.Model) throws java.lang.Exception
2022-02-16 00:29:13,146 [main] INFO  org.springframework.web.servlet.mvc.method.annotation.RequestMappingHandlerMapping(register:550) - Mapped "{[/user/msg/receive]}" onto public java.lang.String net.lele.controller.UserController.msgreceive(org.springframework.ui.Model)
2022-02-16 00:29:13,146 [main] INFO  org.springframework.web.servlet.mvc.method.annotation.RequestMappingHandlerMapping(register:550) - Mapped "{[/user/fileinsert]}" onto public java.lang.String net.lele.controller.UserController.fileinsert(javax.servlet.http.HttpServletRequest,org.springframework.web.multipart.MultipartHttpServletRequest,org.springframework.ui.Model) throws java.lang.Exception
2022-02-16 00:29:13,147 [main] INFO  org.springframework.web.servlet.mvc.method.annotation.RequestMappingHandlerMapping(register:550) - Mapped "{[/user/asklist]}" onto public java.lang.String net.lele.controller.UserController.asklist(org.springframework.ui.Model) throws java.lang.Exception
2022-02-16 00:29:13,147 [main] INFO  org.springframework.web.servlet.mvc.method.annotation.RequestMappingHandlerMapping(register:550) - Mapped "{[/user/interest]}" onto public java.lang.String net.lele.controller.UserController.interest(org.springframework.ui.Model) throws java.lang.Exception
2022-02-16 00:29:13,148 [main] INFO  org.springframework.web.servlet.mvc.method.annotation.RequestMappingHandlerMapping(register:550) - Mapped "{[/user/msg/smsg/{id}]}" onto public java.lang.String net.lele.controller.UserController.sendmsg(int,org.springframework.ui.Model) throws java.lang.Exception
2022-02-16 00:29:13,148 [main] INFO  org.springframework.web.servlet.mvc.method.annotation.RequestMappingHandlerMapping(register:550) - Mapped "{[/user/msg/rmsg/{id}]}" onto public java.lang.String net.lele.controller.UserController.recmsg(int,org.springframework.ui.Model) throws java.lang.Exception
2022-02-16 00:29:13,149 [main] INFO  org.springframework.web.servlet.mvc.method.annotation.RequestMappingHandlerMapping(register:550) - Mapped "{[/user/msg/send]}" onto public java.lang.String net.lele.controller.UserController.msgsend(org.springframework.ui.Model) throws java.lang.Exception
2022-02-16 00:29:13,151 [main] INFO  org.springframework.web.servlet.mvc.method.annotation.RequestMappingHandlerMapping(register:550) - Mapped "{[/error]}" onto public org.springframework.http.ResponseEntity<java.util.Map<java.lang.String, java.lang.Object>> org.springframework.boot.autoconfigure.web.servlet.error.BasicErrorController.error(javax.servlet.http.HttpServletRequest)
2022-02-16 00:29:13,152 [main] INFO  org.springframework.web.servlet.mvc.method.annotation.RequestMappingHandlerMapping(register:550) - Mapped "{[/error],produces=[text/html]}" onto public org.springframework.web.servlet.ModelAndView org.springframework.boot.autoconfigure.web.servlet.error.BasicErrorController.errorHtml(javax.servlet.http.HttpServletRequest,javax.servlet.http.HttpServletResponse)
2022-02-16 00:29:13,180 [main] INFO  org.springframework.web.servlet.handler.SimpleUrlHandlerMapping(registerHandler:372) - Mapped URL path [/webjars/**] onto handler of type [class org.springframework.web.servlet.resource.ResourceHttpRequestHandler]
2022-02-16 00:29:13,181 [main] INFO  org.springframework.web.servlet.handler.SimpleUrlHandlerMapping(registerHandler:372) - Mapped URL path [/**] onto handler of type [class org.springframework.web.servlet.resource.ResourceHttpRequestHandler]
2022-02-16 00:29:13,525 [main] INFO  org.springframework.security.web.DefaultSecurityFilterChain(<init>:43) - Creating filter chain: Ant [pattern='/res/**'], []
2022-02-16 00:29:13,592 [main] INFO  org.springframework.security.web.DefaultSecurityFilterChain(<init>:43) - Creating filter chain: org.springframework.security.web.util.matcher.AnyRequestMatcher@1, [org.springframework.security.web.context.request.async.WebAsyncManagerIntegrationFilter@4b6166aa, org.springframework.security.web.context.SecurityContextPersistenceFilter@18e7143f, org.springframework.security.web.header.HeaderWriterFilter@47874b25, org.springframework.security.web.authentication.logout.LogoutFilter@c65a5ef, org.springframework.security.web.authentication.UsernamePasswordAuthenticationFilter@62923ee6, org.springframework.security.web.savedrequest.RequestCacheAwareFilter@74cec793, org.springframework.security.web.servletapi.SecurityContextHolderAwareRequestFilter@1bdf8190, org.springframework.security.web.authentication.AnonymousAuthenticationFilter@a77614d, org.springframework.security.web.session.SessionManagementFilter@2c177f9e, org.springframework.security.web.access.ExceptionTranslationFilter@389adf1d, org.springframework.security.web.access.intercept.FilterSecurityInterceptor@74bdc168]
2022-02-16 00:29:13,653 [main] INFO  org.springframework.jmx.export.annotation.AnnotationMBeanExporter(afterSingletonsInstantiated:433) - Registering beans for JMX exposure on startup
2022-02-16 00:29:13,655 [main] INFO  org.springframework.jmx.export.annotation.AnnotationMBeanExporter(autodetect:895) - Bean with name 'dataSource' has been autodetected for JMX exposure
2022-02-16 00:29:13,660 [main] INFO  org.springframework.jmx.export.annotation.AnnotationMBeanExporter(registerBeanInstance:668) - Located MBean 'dataSource': registering with JMX server as MBean [com.zaxxer.hikari:name=dataSource,type=HikariDataSource]
2022-02-16 00:29:13,715 [main] INFO  org.springframework.boot.web.embedded.tomcat.TomcatWebServer(start:206) - Tomcat started on port(s): 8180 (http) with context path ''
2022-02-16 00:29:44,530 [http-nio-8180-exec-1] INFO  org.springframework.web.servlet.DispatcherServlet(initServletBean:497) - FrameworkServlet 'dispatcherServlet': initialization started
2022-02-16 00:29:44,551 [http-nio-8180-exec-1] INFO  org.springframework.web.servlet.DispatcherServlet(initServletBean:512) - FrameworkServlet 'dispatcherServlet': initialization completed in 21 ms
2022-02-16 00:55:08,016 [Thread-3] INFO  org.springframework.boot.web.servlet.context.AnnotationConfigServletWebServerApplicationContext(doClose:1006) - Closing org.springframework.boot.web.servlet.context.AnnotationConfigServletWebServerApplicationContext@668bc3d5: startup date [Wed Feb 16 00:29:06 KST 2022]; root of context hierarchy
2022-02-16 00:55:08,018 [Thread-3] INFO  org.springframework.jmx.export.annotation.AnnotationMBeanExporter(destroy:451) - Unregistering JMX-exposed beans on shutdown
2022-02-16 00:55:08,019 [Thread-3] INFO  org.springframework.jmx.export.annotation.AnnotationMBeanExporter(unregisterBeans:185) - Unregistering JMX-exposed beans
2022-02-16 00:55:08,023 [Thread-3] INFO  org.springframework.orm.jpa.LocalContainerEntityManagerFactoryBean(destroy:597) - Closing JPA EntityManagerFactory for persistence unit 'default'
